{"numFailedTestSuites":0,"numFailedTests":0,"numPassedTestSuites":22,"numPassedTests":301,"numPendingTestSuites":0,"numPendingTests":0,"numRuntimeErrorTestSuites":0,"numTodoTests":0,"numTotalTestSuites":22,"numTotalTests":301,"openHandles":[],"snapshot":{"added":0,"didUpdate":false,"failure":false,"filesAdded":0,"filesRemoved":0,"filesRemovedList":[],"filesUnmatched":0,"filesUpdated":0,"matched":0,"total":0,"unchecked":0,"uncheckedKeysByFile":[],"unmatched":0,"updated":0},"startTime":1781272432375,"success":true,"testResults":[{"assertionResults":[{"ancestorTitles":["generate2FASecret"],"duration":13,"failing":false,"failureDetails":[],"failureMessages":[],"fullName":"generate2FASecret returns base32 secret and QR code data URL","invocations":1,"location":null,"numPassingAsserts":2,"retryReasons":[],"startAt":1781272448292,"status":"passed","title":"returns base32 secret and QR code data URL"},{"ancestorTitles":["generate2FASecret"],"duration":1,"failing":false,"failureDetails":[],"failureMessages":[],"fullName":"generate2FASecret includes email in the secret name","invocations":1,"location":null,"numPassingAsserts":2,"retryReasons":[],"startAt":1781272448307,"status":"passed","title":"includes email in the secret name"},{"ancestorTitles":["generate2FASecret"],"duration":62,"failing":false,"failureDetails":[],"failureMessages":[],"fullName":"generate2FASecret throws when otpauth_url is missing","invocations":1,"location":null,"numPassingAsserts":1,"retryReasons":[],"startAt":1781272448308,"status":"passed","title":"throws when otpauth_url is missing"},{"ancestorTitles":["verify2FAToken"],"duration":2,"failing":false,"failureDetails":[],"failureMessages":[],"fullName":"verify2FAToken returns true for valid TOTP token","invocations":1,"location":null,"numPassingAsserts":1,"retryReasons":[],"startAt":1781272448370,"status":"passed","title":"returns true for valid TOTP token"},{"ancestorTitles":["verify2FAToken"],"duration":1,"failing":false,"failureDetails":[],"failureMessages":[],"fullName":"verify2FAToken returns false for invalid TOTP token","invocations":1,"location":null,"numPassingAsserts":1,"retryReasons":[],"startAt":1781272448373,"status":"passed","title":"returns false for invalid TOTP token"},{"ancestorTitles":["verify2FAToken"],"duration":24,"failing":false,"failureDetails":[],"failureMessages":[],"fullName":"verify2FAToken passes correct params to speakeasy","invocations":1,"location":null,"numPassingAsserts":1,"retryReasons":[],"startAt":1781272448374,"status":"passed","title":"passes correct params to speakeasy"},{"ancestorTitles":["save2FASecret"],"duration":2,"failing":false,"failureDetails":[],"failureMessages":[],"fullName":"save2FASecret updates user with secret but does NOT enable 2FA","invocations":1,"location":null,"numPassingAsserts":2,"retryReasons":[],"startAt":1781272448399,"status":"passed","title":"updates user with secret but does NOT enable 2FA"},{"ancestorTitles":["confirm2FA"],"duration":2,"failing":false,"failureDetails":[],"failureMessages":[],"fullName":"confirm2FA sets twoFactorEnabled=true","invocations":1,"location":null,"numPassingAsserts":1,"retryReasons":[],"startAt":1781272448401,"status":"passed","title":"sets twoFactorEnabled=true"},{"ancestorTitles":["disable2FA"],"duration":2,"failing":false,"failureDetails":[],"failureMessages":[],"fullName":"disable2FA sets twoFactorEnabled=false and clears secret","invocations":1,"location":null,"numPassingAsserts":2,"retryReasons":[],"startAt":1781272448403,"status":"passed","title":"sets twoFactorEnabled=false and clears secret"}],"endTime":1781272448408,"message":"","name":"C:\\Users\\gakpa\\OneDrive\\Desktop\\Wace\\src\\__tests__\\unit\\services\\twoFactor.service.test.ts","startTime":1781272434365,"status":"passed","summary":""},{"assertionResults":[{"ancestorTitles":["sendPushToAll"],"duration":49,"failing":false,"failureDetails":[],"failureMessages":[],"fullName":"sendPushToAll does nothing when VAPID keys not configured (module not yet initialized)","invocations":1,"location":null,"numPassingAsserts":1,"retryReasons":[],"startAt":1781272448355,"status":"passed","title":"does nothing when VAPID keys not configured (module not yet initialized)"},{"ancestorTitles":["sendPushToAll"],"duration":6,"failing":false,"failureDetails":[],"failureMessages":[],"fullName":"sendPushToAll sends to all subscriptions when VAPID configured","invocations":1,"location":null,"numPassingAsserts":1,"retryReasons":[],"startAt":1781272448406,"status":"passed","title":"sends to all subscriptions when VAPID configured"},{"ancestorTitles":["sendPushToAll"],"duration":7,"failing":false,"failureDetails":[],"failureMessages":[],"fullName":"sendPushToAll deletes subscription on 410 Gone error","invocations":1,"location":null,"numPassingAsserts":1,"retryReasons":[],"startAt":1781272448413,"status":"passed","title":"deletes subscription on 410 Gone error"},{"ancestorTitles":["sendPushToAll"],"duration":4,"failing":false,"failureDetails":[],"failureMessages":[],"fullName":"sendPushToAll deletes subscription on 404 Not Found error","invocations":1,"location":null,"numPassingAsserts":1,"retryReasons":[],"startAt":1781272448420,"status":"passed","title":"deletes subscription on 404 Not Found error"},{"ancestorTitles":["sendPushToAll"],"duration":5,"failing":false,"failureDetails":[],"failureMessages":[],"fullName":"sendPushToAll does NOT delete subscription on non-410/404 errors","invocations":1,"location":null,"numPassingAsserts":1,"retryReasons":[],"startAt":1781272448425,"status":"passed","title":"does NOT delete subscription on non-410/404 errors"},{"ancestorTitles":["sendPushToUser"],"duration":3,"failing":false,"failureDetails":[],"failureMessages":[],"fullName":"sendPushToUser does nothing when VAPID keys not configured","invocations":1,"location":null,"numPassingAsserts":1,"retryReasons":[],"startAt":1781272448431,"status":"passed","title":"does nothing when VAPID keys not configured"},{"ancestorTitles":["sendPushToUser"],"duration":5,"failing":false,"failureDetails":[],"failureMessages":[],"fullName":"sendPushToUser sends only to specified user's subscriptions","invocations":1,"location":null,"numPassingAsserts":3,"retryReasons":[],"startAt":1781272448435,"status":"passed","title":"sends only to specified user's subscriptions"}],"endTime":1781272448446,"message":"","name":"C:\\Users\\gakpa\\OneDrive\\Desktop\\Wace\\src\\__tests__\\unit\\utils\\webpush.test.ts","startTime":1781272434171,"status":"passed","summary":""},{"assertionResults":[{"ancestorTitles":["sendSMSToAll"],"duration":17,"failing":false,"failureDetails":[],"failureMessages":[],"fullName":"sendSMSToAll logs mock message when Twilio not configured","invocations":1,"location":null,"numPassingAsserts":1,"retryReasons":[],"startAt":1781272448608,"status":"passed","title":"logs mock message when Twilio not configured"},{"ancestorTitles":["sendSMSToAll"],"duration":63,"failing":false,"failureDetails":[],"failureMessages":[],"fullName":"sendSMSToAll returns undefined early when no credentials","invocations":1,"location":null,"numPassingAsserts":2,"retryReasons":[],"startAt":1781272448627,"status":"passed","title":"returns undefined early when no credentials"},{"ancestorTitles":["notifyNewStock"],"duration":5,"failing":false,"failureDetails":[],"failureMessages":[],"fullName":"notifyNewStock calls push, email and SMS in parallel via Promise.allSettled","invocations":1,"location":null,"numPassingAsserts":2,"retryReasons":[],"startAt":1781272448691,"status":"passed","title":"calls push, email and SMS in parallel via Promise.allSettled"},{"ancestorTitles":["notifyNewStock"],"duration":2,"failing":false,"failureDetails":[],"failureMessages":[],"fullName":"notifyNewStock fetches clients for email notification","invocations":1,"location":null,"numPassingAsserts":1,"retryReasons":[],"startAt":1781272448697,"status":"passed","title":"fetches clients for email notification"},{"ancestorTitles":["notifyNewStock"],"duration":3,"failing":false,"failureDetails":[],"failureMessages":[],"fullName":"notifyNewStock does not throw if one channel fails (Promise.allSettled)","invocations":1,"location":null,"numPassingAsserts":1,"retryReasons":[],"startAt":1781272448699,"status":"passed","title":"does not throw if one channel fails (Promise.allSettled)"}],"endTime":1781272448705,"message":"","name":"C:\\Users\\gakpa\\OneDrive\\Desktop\\Wace\\src\\__tests__\\unit\\utils\\sms.test.ts","startTime":1781272434249,"status":"passed","summary":""},{"assertionResults":[{"ancestorTitles":["createNotification"],"duration":15,"failing":false,"failureDetails":[],"failureMessages":[],"fullName":"createNotification creates a notification for a specific user","invocations":1,"location":null,"numPassingAsserts":2,"retryReasons":[],"startAt":1781272448569,"status":"passed","title":"creates a notification for a specific user"},{"ancestorTitles":["createNotification"],"duration":1,"failing":false,"failureDetails":[],"failureMessages":[],"fullName":"createNotification creates a broadcast notification (userId null)","invocations":1,"location":null,"numPassingAsserts":1,"retryReasons":[],"startAt":1781272448586,"status":"passed","title":"creates a broadcast notification (userId null)"},{"ancestorTitles":["broadcastNotification"],"duration":2,"failing":false,"failureDetails":[],"failureMessages":[],"fullName":"broadcastNotification creates one notification per client user","invocations":1,"location":null,"numPassingAsserts":2,"retryReasons":[],"startAt":1781272448588,"status":"passed","title":"creates one notification per client user"},{"ancestorTitles":["broadcastNotification"],"duration":2,"failing":false,"failureDetails":[],"failureMessages":[],"fullName":"broadcastNotification returns empty array when no clients","invocations":1,"location":null,"numPassingAsserts":1,"retryReasons":[],"startAt":1781272448591,"status":"passed","title":"returns empty array when no clients"},{"ancestorTitles":["getUserNotifications"],"duration":13,"failing":false,"failureDetails":[],"failureMessages":[],"fullName":"getUserNotifications returns user notifications ordered by date desc","invocations":1,"location":null,"numPassingAsserts":2,"retryReasons":[],"startAt":1781272448594,"status":"passed","title":"returns user notifications ordered by date desc"},{"ancestorTitles":["markNotificationAsRead"],"duration":3,"failing":false,"failureDetails":[],"failureMessages":[],"fullName":"markNotificationAsRead sets isRead=true","invocations":1,"location":null,"numPassingAsserts":1,"retryReasons":[],"startAt":1781272448608,"status":"passed","title":"sets isRead=true"},{"ancestorTitles":["sendEmail"],"duration":42,"failing":false,"failureDetails":[],"failureMessages":[],"fullName":"sendEmail returns mock result when SMTP not configured","invocations":1,"location":null,"numPassingAsserts":1,"retryReasons":[],"startAt":1781272448611,"status":"passed","title":"returns mock result when SMTP not configured"},{"ancestorTitles":["sendEmail"],"duration":3,"failing":false,"failureDetails":[],"failureMessages":[],"fullName":"sendEmail calls nodemailer when SMTP is configured","invocations":1,"location":null,"numPassingAsserts":2,"retryReasons":[],"startAt":1781272448653,"status":"passed","title":"calls nodemailer when SMTP is configured"},{"ancestorTitles":["sendEmail"],"duration":1,"failing":false,"failureDetails":[],"failureMessages":[],"fullName":"sendEmail joins array of recipients into comma-separated string","invocations":1,"location":null,"numPassingAsserts":1,"retryReasons":[],"startAt":1781272448658,"status":"passed","title":"joins array of recipients into comma-separated string"},{"ancestorTitles":["sendBulkEmail"],"duration":30,"failing":false,"failureDetails":[],"failureMessages":[],"fullName":"sendBulkEmail fetches all CLIENT emails and sends to them","invocations":1,"location":null,"numPassingAsserts":2,"retryReasons":[],"startAt":1781272448660,"status":"passed","title":"fetches all CLIENT emails and sends to them"},{"ancestorTitles":["sendSMS"],"duration":2,"failing":false,"failureDetails":[],"failureMessages":[],"fullName":"sendSMS returns mock result when Twilio not configured","invocations":1,"location":null,"numPassingAsserts":1,"retryReasons":[],"startAt":1781272448691,"status":"passed","title":"returns mock result when Twilio not configured"},{"ancestorTitles":["sendBulkSMS"],"duration":5,"failing":false,"failureDetails":[],"failureMessages":[],"fullName":"sendBulkSMS sends SMS to all clients with phone numbers","invocations":1,"location":null,"numPassingAsserts":2,"retryReasons":[],"startAt":1781272448693,"status":"passed","title":"sends SMS to all clients with phone numbers"},{"ancestorTitles":["sendBulkSMS"],"duration":1,"failing":false,"failureDetails":[],"failureMessages":[],"fullName":"sendBulkSMS skips users without phone number (null entries filtered)","invocations":1,"location":null,"numPassingAsserts":1,"retryReasons":[],"startAt":1781272448698,"status":"passed","title":"skips users without phone number (null entries filtered)"},{"ancestorTitles":["getWebPushConfig"],"duration":0,"failing":false,"failureDetails":[],"failureMessages":[],"fullName":"getWebPushConfig returns null when VAPID keys not configured","invocations":1,"location":null,"numPassingAsserts":1,"retryReasons":[],"startAt":1781272448700,"status":"passed","title":"returns null when VAPID keys not configured"},{"ancestorTitles":["getWebPushConfig"],"duration":1,"failing":false,"failureDetails":[],"failureMessages":[],"fullName":"getWebPushConfig returns config object when VAPID keys are set","invocations":1,"location":null,"numPassingAsserts":4,"retryReasons":[],"startAt":1781272448701,"status":"passed","title":"returns config object when VAPID keys are set"},{"ancestorTitles":["getWebPushConfig"],"duration":1,"failing":false,"failureDetails":[],"failureMessages":[],"fullName":"getWebPushConfig uses fallback email when VAPID_EMAIL not set","invocations":1,"location":null,"numPassingAsserts":1,"retryReasons":[],"startAt":1781272448702,"status":"passed","title":"uses fallback email when VAPID_EMAIL not set"}],"endTime":1781272448707,"message":"","name":"C:\\Users\\gakpa\\OneDrive\\Desktop\\Wace\\src\\__tests__\\unit\\services\\notification.service.test.ts","startTime":1781272434559,"status":"passed","summary":""},{"assertionResults":[{"ancestorTitles":["sendNewArticleEmail"],"duration":53,"failing":false,"failureDetails":[],"failureMessages":[],"fullName":"sendNewArticleEmail does nothing when SMTP not configured (mock path)","invocations":1,"location":null,"numPassingAsserts":1,"retryReasons":[],"startAt":1781272448632,"status":"passed","title":"does nothing when SMTP not configured (mock path)"},{"ancestorTitles":["sendNewArticleEmail"],"duration":3,"failing":false,"failureDetails":[],"failureMessages":[],"fullName":"sendNewArticleEmail does nothing when users array is empty","invocations":1,"location":null,"numPassingAsserts":1,"retryReasons":[],"startAt":1781272448687,"status":"passed","title":"does nothing when users array is empty"},{"ancestorTitles":["sendNewArticleEmail"],"duration":80,"failing":false,"failureDetails":[],"failureMessages":[],"fullName":"sendNewArticleEmail sends email with BCC and article details when SMTP configured","invocations":1,"location":null,"numPassingAsserts":4,"retryReasons":[],"startAt":1781272448691,"status":"passed","title":"sends email with BCC and article details when SMTP configured"},{"ancestorTitles":["sendNewArticleEmail"],"duration":3,"failing":false,"failureDetails":[],"failureMessages":[],"fullName":"sendNewArticleEmail includes image HTML when article has images","invocations":1,"location":null,"numPassingAsserts":2,"retryReasons":[],"startAt":1781272448772,"status":"passed","title":"includes image HTML when article has images"},{"ancestorTitles":["sendNewArticleEmail"],"duration":4,"failing":false,"failureDetails":[],"failureMessages":[],"fullName":"sendNewArticleEmail omits image HTML when article has no images","invocations":1,"location":null,"numPassingAsserts":1,"retryReasons":[],"startAt":1781272448775,"status":"passed","title":"omits image HTML when article has no images"}],"endTime":1781272448783,"message":"","name":"C:\\Users\\gakpa\\OneDrive\\Desktop\\Wace\\src\\__tests__\\unit\\utils\\email.test.ts","startTime":1781272434375,"status":"passed","summary":""},{"assertionResults":[{"ancestorTitles":["POST /api/admin/upload"],"duration":37,"failing":false,"failureDetails":[],"failureMessages":[],"fullName":"POST /api/admin/upload returns 401 without auth","invocations":1,"location":null,"numPassingAsserts":1,"retryReasons":[],"startAt":1781272449132,"status":"passed","title":"returns 401 without auth"},{"ancestorTitles":["POST /api/admin/upload"],"duration":6,"failing":false,"failureDetails":[],"failureMessages":[],"fullName":"POST /api/admin/upload returns 403 for CLIENT role","invocations":1,"location":null,"numPassingAsserts":1,"retryReasons":[],"startAt":1781272449170,"status":"passed","title":"returns 403 for CLIENT role"},{"ancestorTitles":["POST /api/admin/upload"],"duration":10,"failing":false,"failureDetails":[],"failureMessages":[],"fullName":"POST /api/admin/upload returns 400 when no file in form data (admin)","invocations":1,"location":null,"numPassingAsserts":2,"retryReasons":[],"startAt":1781272449177,"status":"passed","title":"returns 400 when no file in form data (admin)"},{"ancestorTitles":["POST /api/admin/upload"],"duration":16,"failing":false,"failureDetails":[],"failureMessages":[],"fullName":"POST /api/admin/upload returns 200 with secureUrl on success (admin)","invocations":1,"location":null,"numPassingAsserts":2,"retryReasons":[],"startAt":1781272449187,"status":"passed","title":"returns 200 with secureUrl on success (admin)"},{"ancestorTitles":["POST /api/admin/upload"],"duration":36,"failing":false,"failureDetails":[],"failureMessages":[],"fullName":"POST /api/admin/upload returns 500 when uploadImage throws","invocations":1,"location":null,"numPassingAsserts":1,"retryReasons":[],"startAt":1781272449203,"status":"passed","title":"returns 500 when uploadImage throws"}],"endTime":1781272449263,"message":"","name":"C:\\Users\\gakpa\\OneDrive\\Desktop\\Wace\\src\\__tests__\\api\\upload.test.ts","startTime":1781272434424,"status":"passed","summary":""},{"assertionResults":[{"ancestorTitles":["GET /api/users/me"],"duration":11,"failing":false,"failureDetails":[],"failureMessages":[],"fullName":"GET /api/users/me returns 401 without auth","invocations":1,"location":null,"numPassingAsserts":1,"retryReasons":[],"startAt":1781272449370,"status":"passed","title":"returns 401 without auth"},{"ancestorTitles":["GET /api/users/me"],"duration":4,"failing":false,"failureDetails":[],"failureMessages":[],"fullName":"GET /api/users/me returns 404 when user not found in DB","invocations":1,"location":null,"numPassingAsserts":1,"retryReasons":[],"startAt":1781272449381,"status":"passed","title":"returns 404 when user not found in DB"},{"ancestorTitles":["GET /api/users/me"],"duration":9,"failing":false,"failureDetails":[],"failureMessages":[],"fullName":"GET /api/users/me returns 200 with profile","invocations":1,"location":null,"numPassingAsserts":2,"retryReasons":[],"startAt":1781272449386,"status":"passed","title":"returns 200 with profile"},{"ancestorTitles":["PUT /api/users/me"],"duration":2,"failing":false,"failureDetails":[],"failureMessages":[],"fullName":"PUT /api/users/me returns 401 without auth","invocations":1,"location":null,"numPassingAsserts":1,"retryReasons":[],"startAt":1781272449395,"status":"passed","title":"returns 401 without auth"},{"ancestorTitles":["PUT /api/users/me"],"duration":3,"failing":false,"failureDetails":[],"failureMessages":[],"fullName":"PUT /api/users/me returns 400 for invalid avatar URL (non-Cloudinary)","invocations":1,"location":null,"numPassingAsserts":1,"retryReasons":[],"startAt":1781272449397,"status":"passed","title":"returns 400 for invalid avatar URL (non-Cloudinary)"},{"ancestorTitles":["PUT /api/users/me"],"duration":3,"failing":false,"failureDetails":[],"failureMessages":[],"fullName":"PUT /api/users/me returns 400 for invalid phone number","invocations":1,"location":null,"numPassingAsserts":1,"retryReasons":[],"startAt":1781272449400,"status":"passed","title":"returns 400 for invalid phone number"},{"ancestorTitles":["PUT /api/users/me"],"duration":2,"failing":false,"failureDetails":[],"failureMessages":[],"fullName":"PUT /api/users/me accepts valid Cloudinary avatar URL","invocations":1,"location":null,"numPassingAsserts":1,"retryReasons":[],"startAt":1781272449403,"status":"passed","title":"accepts valid Cloudinary avatar URL"},{"ancestorTitles":["PUT /api/users/me"],"duration":2,"failing":false,"failureDetails":[],"failureMessages":[],"fullName":"PUT /api/users/me updates name without avatar","invocations":1,"location":null,"numPassingAsserts":2,"retryReasons":[],"startAt":1781272449406,"status":"passed","title":"updates name without avatar"},{"ancestorTitles":["GET /api/users/me/likes"],"duration":3,"failing":false,"failureDetails":[],"failureMessages":[],"fullName":"GET /api/users/me/likes returns 401 without auth","invocations":1,"location":null,"numPassingAsserts":1,"retryReasons":[],"startAt":1781272449408,"status":"passed","title":"returns 401 without auth"},{"ancestorTitles":["GET /api/users/me/likes"],"duration":2,"failing":false,"failureDetails":[],"failureMessages":[],"fullName":"GET /api/users/me/likes returns liked articles","invocations":1,"location":null,"numPassingAsserts":2,"retryReasons":[],"startAt":1781272449412,"status":"passed","title":"returns liked articles"},{"ancestorTitles":["GET /api/users/me/notifications"],"duration":1,"failing":false,"failureDetails":[],"failureMessages":[],"fullName":"GET /api/users/me/notifications returns 401 without auth","invocations":1,"location":null,"numPassingAsserts":1,"retryReasons":[],"startAt":1781272449415,"status":"passed","title":"returns 401 without auth"},{"ancestorTitles":["GET /api/users/me/notifications"],"duration":2,"failing":false,"failureDetails":[],"failureMessages":[],"fullName":"GET /api/users/me/notifications returns user notifications","invocations":1,"location":null,"numPassingAsserts":2,"retryReasons":[],"startAt":1781272449416,"status":"passed","title":"returns user notifications"},{"ancestorTitles":["PUT /api/users/me/notifications/[id]/read"],"duration":2,"failing":false,"failureDetails":[],"failureMessages":[],"fullName":"PUT /api/users/me/notifications/[id]/read returns 401 without auth","invocations":1,"location":null,"numPassingAsserts":1,"retryReasons":[],"startAt":1781272449419,"status":"passed","title":"returns 401 without auth"},{"ancestorTitles":["PUT /api/users/me/notifications/[id]/read"],"duration":2,"failing":false,"failureDetails":[],"failureMessages":[],"fullName":"PUT /api/users/me/notifications/[id]/read returns 404 for unknown notification","invocations":1,"location":null,"numPassingAsserts":1,"retryReasons":[],"startAt":1781272449421,"status":"passed","title":"returns 404 for unknown notification"},{"ancestorTitles":["PUT /api/users/me/notifications/[id]/read"],"duration":1,"failing":false,"failureDetails":[],"failureMessages":[],"fullName":"PUT /api/users/me/notifications/[id]/read returns 403 when notification belongs to different user","invocations":1,"location":null,"numPassingAsserts":1,"retryReasons":[],"startAt":1781272449423,"status":"passed","title":"returns 403 when notification belongs to different user"},{"ancestorTitles":["PUT /api/users/me/notifications/[id]/read"],"duration":6,"failing":false,"failureDetails":[],"failureMessages":[],"fullName":"PUT /api/users/me/notifications/[id]/read marks notification as read","invocations":1,"location":null,"numPassingAsserts":2,"retryReasons":[],"startAt":1781272449425,"status":"passed","title":"marks notification as read"}],"endTime":1781272449434,"message":"","name":"C:\\Users\\gakpa\\OneDrive\\Desktop\\Wace\\src\\__tests__\\api\\users.test.ts","startTime":1781272448767,"status":"passed","summary":""},{"assertionResults":[{"ancestorTitles":["GET /api/articles"],"duration":22,"failing":false,"failureDetails":[],"failureMessages":[],"fullName":"GET /api/articles returns 200 with article list","invocations":1,"location":null,"numPassingAsserts":2,"retryReasons":[],"startAt":1781272449266,"status":"passed","title":"returns 200 with article list"},{"ancestorTitles":["GET /api/articles"],"duration":2,"failing":false,"failureDetails":[],"failureMessages":[],"fullName":"GET /api/articles returns 400 for invalid state enum","invocations":1,"location":null,"numPassingAsserts":1,"retryReasons":[],"startAt":1781272449290,"status":"passed","title":"returns 400 for invalid state enum"},{"ancestorTitles":["GET /api/articles"],"duration":5,"failing":false,"failureDetails":[],"failureMessages":[],"fullName":"GET /api/articles caps limit to 100 (request of 9999 → 100)","invocations":1,"location":null,"numPassingAsserts":1,"retryReasons":[],"startAt":1781272449293,"status":"passed","title":"caps limit to 100 (request of 9999 → 100)"},{"ancestorTitles":["GET /api/articles"],"duration":2,"failing":false,"failureDetails":[],"failureMessages":[],"fullName":"GET /api/articles applies isAvailable=true filter","invocations":1,"location":null,"numPassingAsserts":1,"retryReasons":[],"startAt":1781272449298,"status":"passed","title":"applies isAvailable=true filter"},{"ancestorTitles":["GET /api/articles"],"duration":2,"failing":false,"failureDetails":[],"failureMessages":[],"fullName":"GET /api/articles ignores invalid minPrice","invocations":1,"location":null,"numPassingAsserts":1,"retryReasons":[],"startAt":1781272449300,"status":"passed","title":"ignores invalid minPrice"},{"ancestorTitles":["POST /api/articles"],"duration":75,"failing":false,"failureDetails":[],"failureMessages":[],"fullName":"POST /api/articles returns 401 without auth","invocations":1,"location":null,"numPassingAsserts":1,"retryReasons":[],"startAt":1781272449302,"status":"passed","title":"returns 401 without auth"},{"ancestorTitles":["POST /api/articles"],"duration":6,"failing":false,"failureDetails":[],"failureMessages":[],"fullName":"POST /api/articles returns 403 for CLIENT role","invocations":1,"location":null,"numPassingAsserts":1,"retryReasons":[],"startAt":1781272449378,"status":"passed","title":"returns 403 for CLIENT role"},{"ancestorTitles":["POST /api/articles"],"duration":2,"failing":false,"failureDetails":[],"failureMessages":[],"fullName":"POST /api/articles returns 400 when required fields missing","invocations":1,"location":null,"numPassingAsserts":1,"retryReasons":[],"startAt":1781272449385,"status":"passed","title":"returns 400 when required fields missing"},{"ancestorTitles":["POST /api/articles"],"duration":3,"failing":false,"failureDetails":[],"failureMessages":[],"fullName":"POST /api/articles returns 400 for invalid state","invocations":1,"location":null,"numPassingAsserts":1,"retryReasons":[],"startAt":1781272449387,"status":"passed","title":"returns 400 for invalid state"},{"ancestorTitles":["POST /api/articles"],"duration":5,"failing":false,"failureDetails":[],"failureMessages":[],"fullName":"POST /api/articles returns 201 and creates article (admin)","invocations":1,"location":null,"numPassingAsserts":1,"retryReasons":[],"startAt":1781272449390,"status":"passed","title":"returns 201 and creates article (admin)"},{"ancestorTitles":["GET /api/articles/[id]"],"duration":2,"failing":false,"failureDetails":[],"failureMessages":[],"fullName":"GET /api/articles/[id] returns 404 for unknown article","invocations":1,"location":null,"numPassingAsserts":1,"retryReasons":[],"startAt":1781272449395,"status":"passed","title":"returns 404 for unknown article"},{"ancestorTitles":["GET /api/articles/[id]"],"duration":1,"failing":false,"failureDetails":[],"failureMessages":[],"fullName":"GET /api/articles/[id] returns 200 and increments views (fire-and-forget)","invocations":1,"location":null,"numPassingAsserts":2,"retryReasons":[],"startAt":1781272449397,"status":"passed","title":"returns 200 and increments views (fire-and-forget)"},{"ancestorTitles":["PUT /api/articles/[id]"],"duration":1,"failing":false,"failureDetails":[],"failureMessages":[],"fullName":"PUT /api/articles/[id] returns 401 without auth","invocations":1,"location":null,"numPassingAsserts":1,"retryReasons":[],"startAt":1781272449399,"status":"passed","title":"returns 401 without auth"},{"ancestorTitles":["PUT /api/articles/[id]"],"duration":2,"failing":false,"failureDetails":[],"failureMessages":[],"fullName":"PUT /api/articles/[id] returns 400 when body has no valid fields","invocations":1,"location":null,"numPassingAsserts":1,"retryReasons":[],"startAt":1781272449400,"status":"passed","title":"returns 400 when body has no valid fields"},{"ancestorTitles":["PUT /api/articles/[id]"],"duration":14,"failing":false,"failureDetails":[],"failureMessages":[],"fullName":"PUT /api/articles/[id] returns 400 for invalid state","invocations":1,"location":null,"numPassingAsserts":1,"retryReasons":[],"startAt":1781272449403,"status":"passed","title":"returns 400 for invalid state"},{"ancestorTitles":["PUT /api/articles/[id]"],"duration":2,"failing":false,"failureDetails":[],"failureMessages":[],"fullName":"PUT /api/articles/[id] returns 200 on valid update (admin)","invocations":1,"location":null,"numPassingAsserts":1,"retryReasons":[],"startAt":1781272449417,"status":"passed","title":"returns 200 on valid update (admin)"},{"ancestorTitles":["DELETE /api/articles/[id]"],"duration":1,"failing":false,"failureDetails":[],"failureMessages":[],"fullName":"DELETE /api/articles/[id] returns 401 without auth","invocations":1,"location":null,"numPassingAsserts":1,"retryReasons":[],"startAt":1781272449420,"status":"passed","title":"returns 401 without auth"},{"ancestorTitles":["DELETE /api/articles/[id]"],"duration":1,"failing":false,"failureDetails":[],"failureMessages":[],"fullName":"DELETE /api/articles/[id] returns 200 on success (admin)","invocations":1,"location":null,"numPassingAsserts":1,"retryReasons":[],"startAt":1781272449421,"status":"passed","title":"returns 200 on success (admin)"},{"ancestorTitles":["GET /api/articles/[id]/like"],"duration":2,"failing":false,"failureDetails":[],"failureMessages":[],"fullName":"GET /api/articles/[id]/like returns like count without auth","invocations":1,"location":null,"numPassingAsserts":3,"retryReasons":[],"startAt":1781272449423,"status":"passed","title":"returns like count without auth"},{"ancestorTitles":["POST /api/articles/[id]/like"],"duration":1,"failing":false,"failureDetails":[],"failureMessages":[],"fullName":"POST /api/articles/[id]/like returns 401 without auth","invocations":1,"location":null,"numPassingAsserts":1,"retryReasons":[],"startAt":1781272449425,"status":"passed","title":"returns 401 without auth"},{"ancestorTitles":["POST /api/articles/[id]/like"],"duration":3,"failing":false,"failureDetails":[],"failureMessages":[],"fullName":"POST /api/articles/[id]/like toggles like for authenticated user","invocations":1,"location":null,"numPassingAsserts":2,"retryReasons":[],"startAt":1781272449427,"status":"passed","title":"toggles like for authenticated user"},{"ancestorTitles":["GET /api/articles/[id]/likes"],"duration":1,"failing":false,"failureDetails":[],"failureMessages":[],"fullName":"GET /api/articles/[id]/likes returns 401 without auth","invocations":1,"location":null,"numPassingAsserts":1,"retryReasons":[],"startAt":1781272449430,"status":"passed","title":"returns 401 without auth"},{"ancestorTitles":["GET /api/articles/[id]/likes"],"duration":1,"failing":false,"failureDetails":[],"failureMessages":[],"fullName":"GET /api/articles/[id]/likes returns 403 for CLIENT","invocations":1,"location":null,"numPassingAsserts":1,"retryReasons":[],"startAt":1781272449432,"status":"passed","title":"returns 403 for CLIENT"},{"ancestorTitles":["GET /api/articles/[id]/likes"],"duration":1,"failing":false,"failureDetails":[],"failureMessages":[],"fullName":"GET /api/articles/[id]/likes returns list for ADMIN","invocations":1,"location":null,"numPassingAsserts":1,"retryReasons":[],"startAt":1781272449433,"status":"passed","title":"returns list for ADMIN"},{"ancestorTitles":["PUT /api/articles/[id]/stock"],"duration":1,"failing":false,"failureDetails":[],"failureMessages":[],"fullName":"PUT /api/articles/[id]/stock returns 401 without auth","invocations":1,"location":null,"numPassingAsserts":1,"retryReasons":[],"startAt":1781272449435,"status":"passed","title":"returns 401 without auth"},{"ancestorTitles":["PUT /api/articles/[id]/stock"],"duration":2,"failing":false,"failureDetails":[],"failureMessages":[],"fullName":"PUT /api/articles/[id]/stock returns 400 for negative stock","invocations":1,"location":null,"numPassingAsserts":1,"retryReasons":[],"startAt":1781272449436,"status":"passed","title":"returns 400 for negative stock"},{"ancestorTitles":["PUT /api/articles/[id]/stock"],"duration":2,"failing":false,"failureDetails":[],"failureMessages":[],"fullName":"PUT /api/articles/[id]/stock returns 400 for non-number stock","invocations":1,"location":null,"numPassingAsserts":1,"retryReasons":[],"startAt":1781272449439,"status":"passed","title":"returns 400 for non-number stock"},{"ancestorTitles":["PUT /api/articles/[id]/stock"],"duration":3,"failing":false,"failureDetails":[],"failureMessages":[],"fullName":"PUT /api/articles/[id]/stock returns 200 on valid stock update","invocations":1,"location":null,"numPassingAsserts":1,"retryReasons":[],"startAt":1781272449441,"status":"passed","title":"returns 200 on valid stock update"},{"ancestorTitles":["PUT /api/articles/[id]/price"],"duration":3,"failing":false,"failureDetails":[],"failureMessages":[],"fullName":"PUT /api/articles/[id]/price returns 400 for negative price","invocations":1,"location":null,"numPassingAsserts":1,"retryReasons":[],"startAt":1781272449445,"status":"passed","title":"returns 400 for negative price"},{"ancestorTitles":["PUT /api/articles/[id]/price"],"duration":2,"failing":false,"failureDetails":[],"failureMessages":[],"fullName":"PUT /api/articles/[id]/price returns 200 on valid price update","invocations":1,"location":null,"numPassingAsserts":1,"retryReasons":[],"startAt":1781272449448,"status":"passed","title":"returns 200 on valid price update"},{"ancestorTitles":["GET /api/articles/featured"],"duration":1,"failing":false,"failureDetails":[],"failureMessages":[],"fullName":"GET /api/articles/featured returns up to 8 featured articles","invocations":1,"location":null,"numPassingAsserts":2,"retryReasons":[],"startAt":1781272449450,"status":"passed","title":"returns up to 8 featured articles"},{"ancestorTitles":["GET /api/articles/search"],"duration":23,"failing":false,"failureDetails":[],"failureMessages":[],"fullName":"GET /api/articles/search returns 400 when q param missing","invocations":1,"location":null,"numPassingAsserts":1,"retryReasons":[],"startAt":1781272449452,"status":"passed","title":"returns 400 when q param missing"},{"ancestorTitles":["GET /api/articles/search"],"duration":3,"failing":false,"failureDetails":[],"failureMessages":[],"fullName":"GET /api/articles/search returns results for valid query","invocations":1,"location":null,"numPassingAsserts":2,"retryReasons":[],"startAt":1781272449476,"status":"passed","title":"returns results for valid query"}],"endTime":1781272449486,"message":"","name":"C:\\Users\\gakpa\\OneDrive\\Desktop\\Wace\\src\\__tests__\\api\\articles.test.ts","startTime":1781272448762,"status":"passed","summary":""},{"assertionResults":[{"ancestorTitles":["GET /api/notifications/subscribe (SSE)"],"duration":301,"failing":false,"failureDetails":[],"failureMessages":[],"fullName":"GET /api/notifications/subscribe (SSE) returns a text/event-stream response with correct headers","invocations":1,"location":null,"numPassingAsserts":4,"retryReasons":[],"startAt":1781272448999,"status":"passed","title":"returns a text/event-stream response with correct headers"},{"ancestorTitles":["GET /api/notifications/subscribe (SSE)"],"duration":114,"failing":false,"failureDetails":[],"failureMessages":[],"fullName":"GET /api/notifications/subscribe (SSE) subscribes to notifications:all channel for anonymous (fresh module)","invocations":1,"location":null,"numPassingAsserts":1,"retryReasons":[],"startAt":1781272449303,"status":"passed","title":"subscribes to notifications:all channel for anonymous (fresh module)"},{"ancestorTitles":["GET /api/notifications/subscribe (SSE)"],"duration":121,"failing":false,"failureDetails":[],"failureMessages":[],"fullName":"GET /api/notifications/subscribe (SSE) subscribes to user-specific channel when authenticated (fresh module)","invocations":1,"location":null,"numPassingAsserts":2,"retryReasons":[],"startAt":1781272449417,"status":"passed","title":"subscribes to user-specific channel when authenticated (fresh module)"},{"ancestorTitles":["GET /api/notifications/subscribe (SSE)"],"duration":2,"failing":false,"failureDetails":[],"failureMessages":[],"fullName":"GET /api/notifications/subscribe (SSE) does not re-subscribe to already-subscribed channels","invocations":1,"location":null,"numPassingAsserts":1,"retryReasons":[],"startAt":1781272449538,"status":"passed","title":"does not re-subscribe to already-subscribed channels"},{"ancestorTitles":["GET /api/notifications/subscribe (SSE)"],"duration":72,"failing":false,"failureDetails":[],"failureMessages":[],"fullName":"GET /api/notifications/subscribe (SSE) attaches a message handler to redisSub","invocations":1,"location":null,"numPassingAsserts":1,"retryReasons":[],"startAt":1781272449540,"status":"passed","title":"attaches a message handler to redisSub"}],"endTime":1781272449615,"message":"","name":"C:\\Users\\gakpa\\OneDrive\\Desktop\\Wace\\src\\__tests__\\api\\sse.test.ts","startTime":1781272434309,"status":"passed","summary":""},{"assertionResults":[{"ancestorTitles":["GET /api/categories"],"duration":5,"failing":false,"failureDetails":[],"failureMessages":[],"fullName":"GET /api/categories returns 200 with category list","invocations":1,"location":null,"numPassingAsserts":2,"retryReasons":[],"startAt":1781272449619,"status":"passed","title":"returns 200 with category list"},{"ancestorTitles":["POST /api/categories"],"duration":3,"failing":false,"failureDetails":[],"failureMessages":[],"fullName":"POST /api/categories returns 401 without auth","invocations":1,"location":null,"numPassingAsserts":1,"retryReasons":[],"startAt":1781272449624,"status":"passed","title":"returns 401 without auth"},{"ancestorTitles":["POST /api/categories"],"duration":2,"failing":false,"failureDetails":[],"failureMessages":[],"fullName":"POST /api/categories returns 403 for CLIENT","invocations":1,"location":null,"numPassingAsserts":1,"retryReasons":[],"startAt":1781272449628,"status":"passed","title":"returns 403 for CLIENT"},{"ancestorTitles":["POST /api/categories"],"duration":3,"failing":false,"failureDetails":[],"failureMessages":[],"fullName":"POST /api/categories returns 400 when name or slug missing","invocations":1,"location":null,"numPassingAsserts":1,"retryReasons":[],"startAt":1781272449630,"status":"passed","title":"returns 400 when name or slug missing"},{"ancestorTitles":["POST /api/categories"],"duration":2,"failing":false,"failureDetails":[],"failureMessages":[],"fullName":"POST /api/categories returns 201 and creates category (admin)","invocations":1,"location":null,"numPassingAsserts":1,"retryReasons":[],"startAt":1781272449633,"status":"passed","title":"returns 201 and creates category (admin)"},{"ancestorTitles":["GET /api/categories/[idOrSlug]"],"duration":2,"failing":false,"failureDetails":[],"failureMessages":[],"fullName":"GET /api/categories/[idOrSlug] returns 404 for unknown id/slug","invocations":1,"location":null,"numPassingAsserts":1,"retryReasons":[],"startAt":1781272449635,"status":"passed","title":"returns 404 for unknown id/slug"},{"ancestorTitles":["GET /api/categories/[idOrSlug]"],"duration":4,"failing":false,"failureDetails":[],"failureMessages":[],"fullName":"GET /api/categories/[idOrSlug] finds category by slug","invocations":1,"location":null,"numPassingAsserts":2,"retryReasons":[],"startAt":1781272449638,"status":"passed","title":"finds category by slug"},{"ancestorTitles":["GET /api/categories/[idOrSlug]"],"duration":1,"failing":false,"failureDetails":[],"failureMessages":[],"fullName":"GET /api/categories/[idOrSlug] finds category by id","invocations":1,"location":null,"numPassingAsserts":1,"retryReasons":[],"startAt":1781272449642,"status":"passed","title":"finds category by id"},{"ancestorTitles":["PUT /api/categories/[idOrSlug]"],"duration":2,"failing":false,"failureDetails":[],"failureMessages":[],"fullName":"PUT /api/categories/[idOrSlug] returns 401 without auth","invocations":1,"location":null,"numPassingAsserts":1,"retryReasons":[],"startAt":1781272449644,"status":"passed","title":"returns 401 without auth"},{"ancestorTitles":["PUT /api/categories/[idOrSlug]"],"duration":2,"failing":false,"failureDetails":[],"failureMessages":[],"fullName":"PUT /api/categories/[idOrSlug] returns 404 for unknown category","invocations":1,"location":null,"numPassingAsserts":1,"retryReasons":[],"startAt":1781272449646,"status":"passed","title":"returns 404 for unknown category"},{"ancestorTitles":["PUT /api/categories/[idOrSlug]"],"duration":3,"failing":false,"failureDetails":[],"failureMessages":[],"fullName":"PUT /api/categories/[idOrSlug] returns 200 on valid update","invocations":1,"location":null,"numPassingAsserts":1,"retryReasons":[],"startAt":1781272449648,"status":"passed","title":"returns 200 on valid update"},{"ancestorTitles":["DELETE /api/categories/[idOrSlug]"],"duration":2,"failing":false,"failureDetails":[],"failureMessages":[],"fullName":"DELETE /api/categories/[idOrSlug] returns 401 without auth","invocations":1,"location":null,"numPassingAsserts":1,"retryReasons":[],"startAt":1781272449651,"status":"passed","title":"returns 401 without auth"},{"ancestorTitles":["DELETE /api/categories/[idOrSlug]"],"duration":1,"failing":false,"failureDetails":[],"failureMessages":[],"fullName":"DELETE /api/categories/[idOrSlug] returns 200 on success (admin)","invocations":1,"location":null,"numPassingAsserts":1,"retryReasons":[],"startAt":1781272449653,"status":"passed","title":"returns 200 on success (admin)"}],"endTime":1781272449656,"message":"","name":"C:\\Users\\gakpa\\OneDrive\\Desktop\\Wace\\src\\__tests__\\api\\categories.test.ts","startTime":1781272449288,"status":"passed","summary":""},{"assertionResults":[{"ancestorTitles":["GET /api/admin/users"],"duration":14,"failing":false,"failureDetails":[],"failureMessages":[],"fullName":"GET /api/admin/users returns 401 without auth","invocations":1,"location":null,"numPassingAsserts":1,"retryReasons":[],"startAt":1781272449542,"status":"passed","title":"returns 401 without auth"},{"ancestorTitles":["GET /api/admin/users"],"duration":6,"failing":false,"failureDetails":[],"failureMessages":[],"fullName":"GET /api/admin/users returns 403 for CLIENT","invocations":1,"location":null,"numPassingAsserts":1,"retryReasons":[],"startAt":1781272449556,"status":"passed","title":"returns 403 for CLIENT"},{"ancestorTitles":["GET /api/admin/users"],"duration":10,"failing":false,"failureDetails":[],"failureMessages":[],"fullName":"GET /api/admin/users returns 200 with user list (admin)","invocations":1,"location":null,"numPassingAsserts":2,"retryReasons":[],"startAt":1781272449562,"status":"passed","title":"returns 200 with user list (admin)"},{"ancestorTitles":["GET /api/admin/users/[id]"],"duration":3,"failing":false,"failureDetails":[],"failureMessages":[],"fullName":"GET /api/admin/users/[id] returns 404 for unknown user","invocations":1,"location":null,"numPassingAsserts":1,"retryReasons":[],"startAt":1781272449572,"status":"passed","title":"returns 404 for unknown user"},{"ancestorTitles":["GET /api/admin/users/[id]"],"duration":5,"failing":false,"failureDetails":[],"failureMessages":[],"fullName":"GET /api/admin/users/[id] returns user without password field","invocations":1,"location":null,"numPassingAsserts":1,"retryReasons":[],"startAt":1781272449575,"status":"passed","title":"returns user without password field"},{"ancestorTitles":["DELETE /api/admin/users/[id]"],"duration":4,"failing":false,"failureDetails":[],"failureMessages":[],"fullName":"DELETE /api/admin/users/[id] returns 400 when admin deletes themselves","invocations":1,"location":null,"numPassingAsserts":2,"retryReasons":[],"startAt":1781272449580,"status":"passed","title":"returns 400 when admin deletes themselves"},{"ancestorTitles":["DELETE /api/admin/users/[id]"],"duration":2,"failing":false,"failureDetails":[],"failureMessages":[],"fullName":"DELETE /api/admin/users/[id] deletes another user successfully","invocations":1,"location":null,"numPassingAsserts":1,"retryReasons":[],"startAt":1781272449585,"status":"passed","title":"deletes another user successfully"},{"ancestorTitles":["PUT /api/admin/users/[id]/ban"],"duration":3,"failing":false,"failureDetails":[],"failureMessages":[],"fullName":"PUT /api/admin/users/[id]/ban returns 400 when active field missing","invocations":1,"location":null,"numPassingAsserts":1,"retryReasons":[],"startAt":1781272449587,"status":"passed","title":"returns 400 when active field missing"},{"ancestorTitles":["PUT /api/admin/users/[id]/ban"],"duration":4,"failing":false,"failureDetails":[],"failureMessages":[],"fullName":"PUT /api/admin/users/[id]/ban suspends user (active=false)","invocations":1,"location":null,"numPassingAsserts":2,"retryReasons":[],"startAt":1781272449590,"status":"passed","title":"suspends user (active=false)"},{"ancestorTitles":["PUT /api/admin/users/[id]/ban"],"duration":3,"failing":false,"failureDetails":[],"failureMessages":[],"fullName":"PUT /api/admin/users/[id]/ban reactivates user (active=true)","invocations":1,"location":null,"numPassingAsserts":2,"retryReasons":[],"startAt":1781272449595,"status":"passed","title":"reactivates user (active=true)"},{"ancestorTitles":["GET /api/admin/stats"],"duration":1,"failing":false,"failureDetails":[],"failureMessages":[],"fullName":"GET /api/admin/stats returns 401 without auth","invocations":1,"location":null,"numPassingAsserts":1,"retryReasons":[],"startAt":1781272449599,"status":"passed","title":"returns 401 without auth"},{"ancestorTitles":["GET /api/admin/stats"],"duration":3,"failing":false,"failureDetails":[],"failureMessages":[],"fullName":"GET /api/admin/stats returns global stats for admin","invocations":1,"location":null,"numPassingAsserts":2,"retryReasons":[],"startAt":1781272449600,"status":"passed","title":"returns global stats for admin"},{"ancestorTitles":["GET /api/admin/stats/articles"],"duration":5,"failing":false,"failureDetails":[],"failureMessages":[],"fullName":"GET /api/admin/stats/articles returns article stats lists","invocations":1,"location":null,"numPassingAsserts":4,"retryReasons":[],"startAt":1781272449615,"status":"passed","title":"returns article stats lists"},{"ancestorTitles":["GET /api/admin/stats/users"],"duration":3,"failing":false,"failureDetails":[],"failureMessages":[],"fullName":"GET /api/admin/stats/users returns user stats","invocations":1,"location":null,"numPassingAsserts":3,"retryReasons":[],"startAt":1781272449620,"status":"passed","title":"returns user stats"},{"ancestorTitles":["GET /api/admin/export/catalogue"],"duration":6,"failing":false,"failureDetails":[],"failureMessages":[],"fullName":"GET /api/admin/export/catalogue returns CSV content-type","invocations":1,"location":null,"numPassingAsserts":3,"retryReasons":[],"startAt":1781272449623,"status":"passed","title":"returns CSV content-type"},{"ancestorTitles":["GET /api/admin/export/catalogue"],"duration":2,"failing":false,"failureDetails":[],"failureMessages":[],"fullName":"GET /api/admin/export/catalogue returns 401 for CLIENT","invocations":1,"location":null,"numPassingAsserts":1,"retryReasons":[],"startAt":1781272449629,"status":"passed","title":"returns 401 for CLIENT"},{"ancestorTitles":["GET /api/admin/contacts"],"duration":4,"failing":false,"failureDetails":[],"failureMessages":[],"fullName":"GET /api/admin/contacts returns all contacts for admin","invocations":1,"location":null,"numPassingAsserts":2,"retryReasons":[],"startAt":1781272449631,"status":"passed","title":"returns all contacts for admin"},{"ancestorTitles":["POST /api/admin/contacts"],"duration":2,"failing":false,"failureDetails":[],"failureMessages":[],"fullName":"POST /api/admin/contacts returns 400 when required fields missing","invocations":1,"location":null,"numPassingAsserts":1,"retryReasons":[],"startAt":1781272449635,"status":"passed","title":"returns 400 when required fields missing"},{"ancestorTitles":["POST /api/admin/contacts"],"duration":2,"failing":false,"failureDetails":[],"failureMessages":[],"fullName":"POST /api/admin/contacts creates contact (admin)","invocations":1,"location":null,"numPassingAsserts":1,"retryReasons":[],"startAt":1781272449638,"status":"passed","title":"creates contact (admin)"},{"ancestorTitles":["PUT /api/admin/contacts/[id]"],"duration":2,"failing":false,"failureDetails":[],"failureMessages":[],"fullName":"PUT /api/admin/contacts/[id] updates contact","invocations":1,"location":null,"numPassingAsserts":1,"retryReasons":[],"startAt":1781272449640,"status":"passed","title":"updates contact"},{"ancestorTitles":["DELETE /api/admin/contacts/[id]"],"duration":5,"failing":false,"failureDetails":[],"failureMessages":[],"fullName":"DELETE /api/admin/contacts/[id] deletes contact","invocations":1,"location":null,"numPassingAsserts":1,"retryReasons":[],"startAt":1781272449643,"status":"passed","title":"deletes contact"},{"ancestorTitles":["PUT /api/admin/contacts/[id]/toggle"],"duration":8,"failing":false,"failureDetails":[],"failureMessages":[],"fullName":"PUT /api/admin/contacts/[id]/toggle toggles contact active state","invocations":1,"location":null,"numPassingAsserts":1,"retryReasons":[],"startAt":1781272449648,"status":"passed","title":"toggles contact active state"},{"ancestorTitles":["PUT /api/admin/contacts/reorder"],"duration":2,"failing":false,"failureDetails":[],"failureMessages":[],"fullName":"PUT /api/admin/contacts/reorder returns 400 when orderedIds missing","invocations":1,"location":null,"numPassingAsserts":1,"retryReasons":[],"startAt":1781272449656,"status":"passed","title":"returns 400 when orderedIds missing"},{"ancestorTitles":["PUT /api/admin/contacts/reorder"],"duration":3,"failing":false,"failureDetails":[],"failureMessages":[],"fullName":"PUT /api/admin/contacts/reorder reorders contacts","invocations":1,"location":null,"numPassingAsserts":1,"retryReasons":[],"startAt":1781272449658,"status":"passed","title":"reorders contacts"},{"ancestorTitles":["POST /api/admin/notifications/broadcast"],"duration":2,"failing":false,"failureDetails":[],"failureMessages":[],"fullName":"POST /api/admin/notifications/broadcast returns 400 when title or message missing","invocations":1,"location":null,"numPassingAsserts":1,"retryReasons":[],"startAt":1781272449661,"status":"passed","title":"returns 400 when title or message missing"},{"ancestorTitles":["POST /api/admin/notifications/broadcast"],"duration":2,"failing":false,"failureDetails":[],"failureMessages":[],"fullName":"POST /api/admin/notifications/broadcast broadcasts notification and publishes to Redis","invocations":1,"location":null,"numPassingAsserts":2,"retryReasons":[],"startAt":1781272449663,"status":"passed","title":"broadcasts notification and publishes to Redis"},{"ancestorTitles":["POST /api/admin/notifications/email"],"duration":2,"failing":false,"failureDetails":[],"failureMessages":[],"fullName":"POST /api/admin/notifications/email returns 400 when subject or html missing","invocations":1,"location":null,"numPassingAsserts":1,"retryReasons":[],"startAt":1781272449666,"status":"passed","title":"returns 400 when subject or html missing"},{"ancestorTitles":["POST /api/admin/notifications/email"],"duration":34,"failing":false,"failureDetails":[],"failureMessages":[],"fullName":"POST /api/admin/notifications/email sends email (mocked SMTP)","invocations":1,"location":null,"numPassingAsserts":1,"retryReasons":[],"startAt":1781272449668,"status":"passed","title":"sends email (mocked SMTP)"},{"ancestorTitles":["POST /api/admin/notifications/sms"],"duration":2,"failing":false,"failureDetails":[],"failureMessages":[],"fullName":"POST /api/admin/notifications/sms returns 400 when body missing","invocations":1,"location":null,"numPassingAsserts":1,"retryReasons":[],"startAt":1781272449702,"status":"passed","title":"returns 400 when body missing"},{"ancestorTitles":["POST /api/admin/notifications/sms"],"duration":4,"failing":false,"failureDetails":[],"failureMessages":[],"fullName":"POST /api/admin/notifications/sms sends SMS (mocked Twilio)","invocations":1,"location":null,"numPassingAsserts":1,"retryReasons":[],"startAt":1781272449704,"status":"passed","title":"sends SMS (mocked Twilio)"},{"ancestorTitles":["POST /api/admin/notifications/push"],"duration":5,"failing":false,"failureDetails":[],"failureMessages":[],"fullName":"POST /api/admin/notifications/push returns 400 when title or body missing","invocations":1,"location":null,"numPassingAsserts":1,"retryReasons":[],"startAt":1781272449709,"status":"passed","title":"returns 400 when title or body missing"},{"ancestorTitles":["POST /api/admin/notifications/push"],"duration":2,"failing":false,"failureDetails":[],"failureMessages":[],"fullName":"POST /api/admin/notifications/push returns 'no subscribers' message when DB empty","invocations":1,"location":null,"numPassingAsserts":2,"retryReasons":[],"startAt":1781272449714,"status":"passed","title":"returns 'no subscribers' message when DB empty"},{"ancestorTitles":["POST /api/admin/notifications/push"],"duration":4,"failing":false,"failureDetails":[],"failureMessages":[],"fullName":"POST /api/admin/notifications/push sends push mock (no VAPID config)","invocations":1,"location":null,"numPassingAsserts":2,"retryReasons":[],"startAt":1781272449716,"status":"passed","title":"sends push mock (no VAPID config)"}],"endTime":1781272449733,"message":"","name":"C:\\Users\\gakpa\\OneDrive\\Desktop\\Wace\\src\\__tests__\\api\\admin.test.ts","startTime":1781272448825,"status":"passed","summary":""},{"assertionResults":[{"ancestorTitles":["errorResponse"],"duration":2,"failing":false,"failureDetails":[],"failureMessages":[],"fullName":"errorResponse maps UnauthorizedError → 401","invocations":1,"location":null,"numPassingAsserts":1,"retryReasons":[],"startAt":1781272449722,"status":"passed","title":"maps UnauthorizedError → 401"},{"ancestorTitles":["errorResponse"],"duration":1,"failing":false,"failureDetails":[],"failureMessages":[],"fullName":"errorResponse maps ForbiddenError → 403","invocations":1,"location":null,"numPassingAsserts":1,"retryReasons":[],"startAt":1781272449725,"status":"passed","title":"maps ForbiddenError → 403"},{"ancestorTitles":["errorResponse"],"duration":2,"failing":false,"failureDetails":[],"failureMessages":[],"fullName":"errorResponse maps NotFoundError → 404","invocations":1,"location":null,"numPassingAsserts":1,"retryReasons":[],"startAt":1781272449726,"status":"passed","title":"maps NotFoundError → 404"},{"ancestorTitles":["errorResponse"],"duration":1,"failing":false,"failureDetails":[],"failureMessages":[],"fullName":"errorResponse maps ValidationError → 400","invocations":1,"location":null,"numPassingAsserts":1,"retryReasons":[],"startAt":1781272449728,"status":"passed","title":"maps ValidationError → 400"},{"ancestorTitles":["errorResponse"],"duration":1,"failing":false,"failureDetails":[],"failureMessages":[],"fullName":"errorResponse maps Prisma record-not-found error → 404","invocations":1,"location":null,"numPassingAsserts":1,"retryReasons":[],"startAt":1781272449729,"status":"passed","title":"maps Prisma record-not-found error → 404"},{"ancestorTitles":["errorResponse"],"duration":1,"failing":false,"failureDetails":[],"failureMessages":[],"fullName":"errorResponse maps Prisma unique constraint error → 409","invocations":1,"location":null,"numPassingAsserts":1,"retryReasons":[],"startAt":1781272449730,"status":"passed","title":"maps Prisma unique constraint error → 409"},{"ancestorTitles":["errorResponse"],"duration":0,"failing":false,"failureDetails":[],"failureMessages":[],"fullName":"errorResponse maps Prisma FK error → 400","invocations":1,"location":null,"numPassingAsserts":1,"retryReasons":[],"startAt":1781272449731,"status":"passed","title":"maps Prisma FK error → 400"},{"ancestorTitles":["errorResponse"],"duration":0,"failing":false,"failureDetails":[],"failureMessages":[],"fullName":"errorResponse unknown Error → 500","invocations":1,"location":null,"numPassingAsserts":1,"retryReasons":[],"startAt":1781272449732,"status":"passed","title":"unknown Error → 500"},{"ancestorTitles":["errorResponse"],"duration":1,"failing":false,"failureDetails":[],"failureMessages":[],"fullName":"errorResponse non-Error value → 500 with fallback","invocations":1,"location":null,"numPassingAsserts":1,"retryReasons":[],"startAt":1781272449732,"status":"passed","title":"non-Error value → 500 with fallback"},{"ancestorTitles":["getUserFromRequest"],"duration":3,"failing":false,"failureDetails":[],"failureMessages":[],"fullName":"getUserFromRequest extracts payload from Bearer Authorization header","invocations":1,"location":null,"numPassingAsserts":2,"retryReasons":[],"startAt":1781272449733,"status":"passed","title":"extracts payload from Bearer Authorization header"},{"ancestorTitles":["getUserFromRequest"],"duration":2,"failing":false,"failureDetails":[],"failureMessages":[],"fullName":"getUserFromRequest extracts payload from cookie header","invocations":1,"location":null,"numPassingAsserts":1,"retryReasons":[],"startAt":1781272449737,"status":"passed","title":"extracts payload from cookie header"},{"ancestorTitles":["getUserFromRequest"],"duration":1,"failing":false,"failureDetails":[],"failureMessages":[],"fullName":"getUserFromRequest returns null when no token present","invocations":1,"location":null,"numPassingAsserts":1,"retryReasons":[],"startAt":1781272449740,"status":"passed","title":"returns null when no token present"},{"ancestorTitles":["getUserFromRequest"],"duration":3,"failing":false,"failureDetails":[],"failureMessages":[],"fullName":"getUserFromRequest returns null for invalid token","invocations":1,"location":null,"numPassingAsserts":1,"retryReasons":[],"startAt":1781272449742,"status":"passed","title":"returns null for invalid token"},{"ancestorTitles":["requireAuth"],"duration":2,"failing":false,"failureDetails":[],"failureMessages":[],"fullName":"requireAuth returns user for valid token","invocations":1,"location":null,"numPassingAsserts":1,"retryReasons":[],"startAt":1781272449747,"status":"passed","title":"returns user for valid token"},{"ancestorTitles":["requireAuth"],"duration":28,"failing":false,"failureDetails":[],"failureMessages":[],"fullName":"requireAuth throws UnauthorizedError when no token","invocations":1,"location":null,"numPassingAsserts":1,"retryReasons":[],"startAt":1781272449757,"status":"passed","title":"throws UnauthorizedError when no token"},{"ancestorTitles":["requireAdmin"],"duration":1,"failing":false,"failureDetails":[],"failureMessages":[],"fullName":"requireAdmin passes for ADMIN role","invocations":1,"location":null,"numPassingAsserts":1,"retryReasons":[],"startAt":1781272449785,"status":"passed","title":"passes for ADMIN role"},{"ancestorTitles":["requireAdmin"],"duration":2,"failing":false,"failureDetails":[],"failureMessages":[],"fullName":"requireAdmin throws ForbiddenError for CLIENT role","invocations":1,"location":null,"numPassingAsserts":1,"retryReasons":[],"startAt":1781272449786,"status":"passed","title":"throws ForbiddenError for CLIENT role"},{"ancestorTitles":["requireAdmin"],"duration":1,"failing":false,"failureDetails":[],"failureMessages":[],"fullName":"requireAdmin throws UnauthorizedError when no token","invocations":1,"location":null,"numPassingAsserts":1,"retryReasons":[],"startAt":1781272449788,"status":"passed","title":"throws UnauthorizedError when no token"}],"endTime":1781272449796,"message":"","name":"C:\\Users\\gakpa\\OneDrive\\Desktop\\Wace\\src\\__tests__\\unit\\utils\\auth.utils.test.ts","startTime":1781272449515,"status":"passed","summary":""},{"assertionResults":[{"ancestorTitles":["POST /api/comments"],"duration":5,"failing":false,"failureDetails":[],"failureMessages":[],"fullName":"POST /api/comments returns 401 without auth","invocations":1,"location":null,"numPassingAsserts":1,"retryReasons":[],"startAt":1781272449753,"status":"passed","title":"returns 401 without auth"},{"ancestorTitles":["POST /api/comments"],"duration":3,"failing":false,"failureDetails":[],"failureMessages":[],"fullName":"POST /api/comments returns 400 when content or articleId missing","invocations":1,"location":null,"numPassingAsserts":1,"retryReasons":[],"startAt":1781272449758,"status":"passed","title":"returns 400 when content or articleId missing"},{"ancestorTitles":["POST /api/comments"],"duration":8,"failing":false,"failureDetails":[],"failureMessages":[],"fullName":"POST /api/comments returns 404 when article does not exist","invocations":1,"location":null,"numPassingAsserts":1,"retryReasons":[],"startAt":1781272449762,"status":"passed","title":"returns 404 when article does not exist"},{"ancestorTitles":["POST /api/comments"],"duration":2,"failing":false,"failureDetails":[],"failureMessages":[],"fullName":"POST /api/comments returns 400 for invalid rating","invocations":1,"location":null,"numPassingAsserts":1,"retryReasons":[],"startAt":1781272449771,"status":"passed","title":"returns 400 for invalid rating"},{"ancestorTitles":["POST /api/comments"],"duration":2,"failing":false,"failureDetails":[],"failureMessages":[],"fullName":"POST /api/comments returns 201 on valid comment","invocations":1,"location":null,"numPassingAsserts":1,"retryReasons":[],"startAt":1781272449773,"status":"passed","title":"returns 201 on valid comment"},{"ancestorTitles":["GET /api/comments/article/[articleId]"],"duration":13,"failing":false,"failureDetails":[],"failureMessages":[],"fullName":"GET /api/comments/article/[articleId] returns 200 with paginated comments","invocations":1,"location":null,"numPassingAsserts":2,"retryReasons":[],"startAt":1781272449775,"status":"passed","title":"returns 200 with paginated comments"},{"ancestorTitles":["GET /api/comments/article/[articleId]"],"duration":2,"failing":false,"failureDetails":[],"failureMessages":[],"fullName":"GET /api/comments/article/[articleId] respects limit and offset query params","invocations":1,"location":null,"numPassingAsserts":2,"retryReasons":[],"startAt":1781272449788,"status":"passed","title":"respects limit and offset query params"},{"ancestorTitles":["PUT /api/comments/[id]"],"duration":1,"failing":false,"failureDetails":[],"failureMessages":[],"fullName":"PUT /api/comments/[id] returns 401 without auth","invocations":1,"location":null,"numPassingAsserts":1,"retryReasons":[],"startAt":1781272449790,"status":"passed","title":"returns 401 without auth"},{"ancestorTitles":["PUT /api/comments/[id]"],"duration":1,"failing":false,"failureDetails":[],"failureMessages":[],"fullName":"PUT /api/comments/[id] returns 400 when content empty","invocations":1,"location":null,"numPassingAsserts":1,"retryReasons":[],"startAt":1781272449792,"status":"passed","title":"returns 400 when content empty"},{"ancestorTitles":["PUT /api/comments/[id]"],"duration":2,"failing":false,"failureDetails":[],"failureMessages":[],"fullName":"PUT /api/comments/[id] returns 404 for unknown comment","invocations":1,"location":null,"numPassingAsserts":1,"retryReasons":[],"startAt":1781272449793,"status":"passed","title":"returns 404 for unknown comment"},{"ancestorTitles":["PUT /api/comments/[id]"],"duration":2,"failing":false,"failureDetails":[],"failureMessages":[],"fullName":"PUT /api/comments/[id] returns 400 when editing someone else's comment","invocations":1,"location":null,"numPassingAsserts":1,"retryReasons":[],"startAt":1781272449795,"status":"passed","title":"returns 400 when editing someone else's comment"},{"ancestorTitles":["PUT /api/comments/[id]"],"duration":2,"failing":false,"failureDetails":[],"failureMessages":[],"fullName":"PUT /api/comments/[id] returns 200 when owner updates","invocations":1,"location":null,"numPassingAsserts":1,"retryReasons":[],"startAt":1781272449797,"status":"passed","title":"returns 200 when owner updates"},{"ancestorTitles":["DELETE /api/comments/[id]"],"duration":1,"failing":false,"failureDetails":[],"failureMessages":[],"fullName":"DELETE /api/comments/[id] returns 401 without auth","invocations":1,"location":null,"numPassingAsserts":1,"retryReasons":[],"startAt":1781272449799,"status":"passed","title":"returns 401 without auth"},{"ancestorTitles":["DELETE /api/comments/[id]"],"duration":2,"failing":false,"failureDetails":[],"failureMessages":[],"fullName":"DELETE /api/comments/[id] returns 403 when non-owner non-admin","invocations":1,"location":null,"numPassingAsserts":1,"retryReasons":[],"startAt":1781272449800,"status":"passed","title":"returns 403 when non-owner non-admin"},{"ancestorTitles":["DELETE /api/comments/[id]"],"duration":1,"failing":false,"failureDetails":[],"failureMessages":[],"fullName":"DELETE /api/comments/[id] returns 200 when owner deletes","invocations":1,"location":null,"numPassingAsserts":1,"retryReasons":[],"startAt":1781272449802,"status":"passed","title":"returns 200 when owner deletes"},{"ancestorTitles":["DELETE /api/comments/[id]"],"duration":1,"failing":false,"failureDetails":[],"failureMessages":[],"fullName":"DELETE /api/comments/[id] returns 200 when admin deletes any comment","invocations":1,"location":null,"numPassingAsserts":1,"retryReasons":[],"startAt":1781272449804,"status":"passed","title":"returns 200 when admin deletes any comment"}],"endTime":1781272449807,"message":"","name":"C:\\Users\\gakpa\\OneDrive\\Desktop\\Wace\\src\\__tests__\\api\\comments.test.ts","startTime":1781272449447,"status":"passed","summary":""},{"assertionResults":[{"ancestorTitles":["getPublicContacts"],"duration":4,"failing":false,"failureDetails":[],"failureMessages":[],"fullName":"getPublicContacts filters isActive=true ordered by order asc","invocations":1,"location":null,"numPassingAsserts":1,"retryReasons":[],"startAt":1781272449888,"status":"passed","title":"filters isActive=true ordered by order asc"},{"ancestorTitles":["getAllContacts"],"duration":2,"failing":false,"failureDetails":[],"failureMessages":[],"fullName":"getAllContacts returns all contacts without filter","invocations":1,"location":null,"numPassingAsserts":1,"retryReasons":[],"startAt":1781272449893,"status":"passed","title":"returns all contacts without filter"},{"ancestorTitles":["createContact"],"duration":1,"failing":false,"failureDetails":[],"failureMessages":[],"fullName":"createContact defaults isActive=true order=0","invocations":1,"location":null,"numPassingAsserts":2,"retryReasons":[],"startAt":1781272449895,"status":"passed","title":"defaults isActive=true order=0"},{"ancestorTitles":["createContact"],"duration":1,"failing":false,"failureDetails":[],"failureMessages":[],"fullName":"createContact respects custom order and isActive","invocations":1,"location":null,"numPassingAsserts":2,"retryReasons":[],"startAt":1781272449896,"status":"passed","title":"respects custom order and isActive"},{"ancestorTitles":["toggleContact"],"duration":4,"failing":false,"failureDetails":[],"failureMessages":[],"fullName":"toggleContact active → inactive","invocations":1,"location":null,"numPassingAsserts":1,"retryReasons":[],"startAt":1781272449898,"status":"passed","title":"active → inactive"},{"ancestorTitles":["toggleContact"],"duration":1,"failing":false,"failureDetails":[],"failureMessages":[],"fullName":"toggleContact inactive → active","invocations":1,"location":null,"numPassingAsserts":1,"retryReasons":[],"startAt":1781272449902,"status":"passed","title":"inactive → active"},{"ancestorTitles":["toggleContact"],"duration":23,"failing":false,"failureDetails":[],"failureMessages":[],"fullName":"toggleContact throws NotFoundError for unknown id","invocations":1,"location":null,"numPassingAsserts":1,"retryReasons":[],"startAt":1781272449903,"status":"passed","title":"throws NotFoundError for unknown id"},{"ancestorTitles":["reorderContacts"],"duration":3,"failing":false,"failureDetails":[],"failureMessages":[],"fullName":"reorderContacts assigns index as order for each id","invocations":1,"location":null,"numPassingAsserts":3,"retryReasons":[],"startAt":1781272449926,"status":"passed","title":"assigns index as order for each id"},{"ancestorTitles":["reorderContacts"],"duration":5,"failing":false,"failureDetails":[],"failureMessages":[],"fullName":"reorderContacts throws ValidationError for duplicate IDs","invocations":1,"location":null,"numPassingAsserts":1,"retryReasons":[],"startAt":1781272449929,"status":"passed","title":"throws ValidationError for duplicate IDs"},{"ancestorTitles":["reorderContacts"],"duration":1,"failing":false,"failureDetails":[],"failureMessages":[],"fullName":"reorderContacts throws NotFoundError when id not in DB","invocations":1,"location":null,"numPassingAsserts":1,"retryReasons":[],"startAt":1781272449934,"status":"passed","title":"throws NotFoundError when id not in DB"},{"ancestorTitles":["deleteContact"],"duration":5,"failing":false,"failureDetails":[],"failureMessages":[],"fullName":"deleteContact deletes by id","invocations":1,"location":null,"numPassingAsserts":1,"retryReasons":[],"startAt":1781272449939,"status":"passed","title":"deletes by id"},{"ancestorTitles":["updateContact"],"duration":3,"failing":false,"failureDetails":[],"failureMessages":[],"fullName":"updateContact updates label","invocations":1,"location":null,"numPassingAsserts":1,"retryReasons":[],"startAt":1781272449944,"status":"passed","title":"updates label"}],"endTime":1781272449949,"message":"","name":"C:\\Users\\gakpa\\OneDrive\\Desktop\\Wace\\src\\__tests__\\unit\\services\\contact.service.test.ts","startTime":1781272449670,"status":"passed","summary":""},{"assertionResults":[{"ancestorTitles":["createComment"],"duration":3,"failing":false,"failureDetails":[],"failureMessages":[],"fullName":"createComment creates without rating (null)","invocations":1,"location":null,"numPassingAsserts":1,"retryReasons":[],"startAt":1781272449857,"status":"passed","title":"creates without rating (null)"},{"ancestorTitles":["createComment"],"duration":1,"failing":false,"failureDetails":[],"failureMessages":[],"fullName":"createComment creates with valid rating 1-5","invocations":1,"location":null,"numPassingAsserts":1,"retryReasons":[],"startAt":1781272449861,"status":"passed","title":"creates with valid rating 1-5"},{"ancestorTitles":["createComment"],"duration":33,"failing":false,"failureDetails":[],"failureMessages":[],"fullName":"createComment throws ValidationError for rating < 1","invocations":1,"location":null,"numPassingAsserts":1,"retryReasons":[],"startAt":1781272449863,"status":"passed","title":"throws ValidationError for rating < 1"},{"ancestorTitles":["createComment"],"duration":1,"failing":false,"failureDetails":[],"failureMessages":[],"fullName":"createComment throws ValidationError for rating > 5","invocations":1,"location":null,"numPassingAsserts":1,"retryReasons":[],"startAt":1781272449897,"status":"passed","title":"throws ValidationError for rating > 5"},{"ancestorTitles":["createComment"],"duration":2,"failing":false,"failureDetails":[],"failureMessages":[],"fullName":"createComment throws NotFoundError when article missing","invocations":1,"location":null,"numPassingAsserts":1,"retryReasons":[],"startAt":1781272449898,"status":"passed","title":"throws NotFoundError when article missing"},{"ancestorTitles":["getCommentsByArticle"],"duration":1,"failing":false,"failureDetails":[],"failureMessages":[],"fullName":"getCommentsByArticle uses default limit=20 offset=0","invocations":1,"location":null,"numPassingAsserts":2,"retryReasons":[],"startAt":1781272449900,"status":"passed","title":"uses default limit=20 offset=0"},{"ancestorTitles":["getCommentsByArticle"],"duration":2,"failing":false,"failureDetails":[],"failureMessages":[],"fullName":"getCommentsByArticle applies custom limit and offset","invocations":1,"location":null,"numPassingAsserts":2,"retryReasons":[],"startAt":1781272449933,"status":"passed","title":"applies custom limit and offset"},{"ancestorTitles":["getCommentsByArticle"],"duration":1,"failing":false,"failureDetails":[],"failureMessages":[],"fullName":"getCommentsByArticle orders by createdAt desc","invocations":1,"location":null,"numPassingAsserts":1,"retryReasons":[],"startAt":1781272449935,"status":"passed","title":"orders by createdAt desc"},{"ancestorTitles":["updateComment"],"duration":1,"failing":false,"failureDetails":[],"failureMessages":[],"fullName":"updateComment updates content when owner","invocations":1,"location":null,"numPassingAsserts":1,"retryReasons":[],"startAt":1781272449937,"status":"passed","title":"updates content when owner"},{"ancestorTitles":["updateComment"],"duration":1,"failing":false,"failureDetails":[],"failureMessages":[],"fullName":"updateComment throws NotFoundError for unknown comment","invocations":1,"location":null,"numPassingAsserts":1,"retryReasons":[],"startAt":1781272449938,"status":"passed","title":"throws NotFoundError for unknown comment"},{"ancestorTitles":["updateComment"],"duration":1,"failing":false,"failureDetails":[],"failureMessages":[],"fullName":"updateComment throws ValidationError when not owner","invocations":1,"location":null,"numPassingAsserts":1,"retryReasons":[],"startAt":1781272449940,"status":"passed","title":"throws ValidationError when not owner"},{"ancestorTitles":["deleteComment"],"duration":1,"failing":false,"failureDetails":[],"failureMessages":[],"fullName":"deleteComment owner can delete own comment","invocations":1,"location":null,"numPassingAsserts":1,"retryReasons":[],"startAt":1781272449941,"status":"passed","title":"owner can delete own comment"},{"ancestorTitles":["deleteComment"],"duration":1,"failing":false,"failureDetails":[],"failureMessages":[],"fullName":"deleteComment admin can delete any comment","invocations":1,"location":null,"numPassingAsserts":1,"retryReasons":[],"startAt":1781272449942,"status":"passed","title":"admin can delete any comment"},{"ancestorTitles":["deleteComment"],"duration":2,"failing":false,"failureDetails":[],"failureMessages":[],"fullName":"deleteComment throws ForbiddenError for non-owner non-admin","invocations":1,"location":null,"numPassingAsserts":1,"retryReasons":[],"startAt":1781272449944,"status":"passed","title":"throws ForbiddenError for non-owner non-admin"},{"ancestorTitles":["deleteComment"],"duration":2,"failing":false,"failureDetails":[],"failureMessages":[],"fullName":"deleteComment throws NotFoundError for ghost comment","invocations":1,"location":null,"numPassingAsserts":1,"retryReasons":[],"startAt":1781272449947,"status":"passed","title":"throws NotFoundError for ghost comment"}],"endTime":1781272449951,"message":"","name":"C:\\Users\\gakpa\\OneDrive\\Desktop\\Wace\\src\\__tests__\\unit\\services\\comment.service.test.ts","startTime":1781272449637,"status":"passed","summary":""},{"assertionResults":[{"ancestorTitles":["POST /api/notifications/push/subscribe"],"duration":3,"failing":false,"failureDetails":[],"failureMessages":[],"fullName":"POST /api/notifications/push/subscribe returns 401 without authentication","invocations":1,"location":null,"numPassingAsserts":1,"retryReasons":[],"startAt":1781272450015,"status":"passed","title":"returns 401 without authentication"},{"ancestorTitles":["POST /api/notifications/push/subscribe"],"duration":2,"failing":false,"failureDetails":[],"failureMessages":[],"fullName":"POST /api/notifications/push/subscribe returns 400 when endpoint missing","invocations":1,"location":null,"numPassingAsserts":1,"retryReasons":[],"startAt":1781272450019,"status":"passed","title":"returns 400 when endpoint missing"},{"ancestorTitles":["POST /api/notifications/push/subscribe"],"duration":2,"failing":false,"failureDetails":[],"failureMessages":[],"fullName":"POST /api/notifications/push/subscribe creates new subscription","invocations":1,"location":null,"numPassingAsserts":2,"retryReasons":[],"startAt":1781272450021,"status":"passed","title":"creates new subscription"},{"ancestorTitles":["POST /api/notifications/push/subscribe"],"duration":3,"failing":false,"failureDetails":[],"failureMessages":[],"fullName":"POST /api/notifications/push/subscribe updates existing subscription (upsert)","invocations":1,"location":null,"numPassingAsserts":2,"retryReasons":[],"startAt":1781272450023,"status":"passed","title":"updates existing subscription (upsert)"}],"endTime":1781272450027,"message":"","name":"C:\\Users\\gakpa\\OneDrive\\Desktop\\Wace\\src\\__tests__\\api\\notifications.test.ts","startTime":1781272449770,"status":"passed","summary":""},{"assertionResults":[{"ancestorTitles":["GET /api/contacts"],"duration":3,"failing":false,"failureDetails":[],"failureMessages":[],"fullName":"GET /api/contacts returns only active contacts (no auth required)","invocations":1,"location":null,"numPassingAsserts":2,"retryReasons":[],"startAt":1781272450042,"status":"passed","title":"returns only active contacts (no auth required)"},{"ancestorTitles":["GET /api/contacts"],"duration":1,"failing":false,"failureDetails":[],"failureMessages":[],"fullName":"GET /api/contacts returns empty array when no active contacts","invocations":1,"location":null,"numPassingAsserts":2,"retryReasons":[],"startAt":1781272450046,"status":"passed","title":"returns empty array when no active contacts"}],"endTime":1781272450048,"message":"","name":"C:\\Users\\gakpa\\OneDrive\\Desktop\\Wace\\src\\__tests__\\api\\contacts.public.test.ts","startTime":1781272449817,"status":"passed","summary":""},{"assertionResults":[{"ancestorTitles":["createCategory"],"duration":2,"failing":false,"failureDetails":[],"failureMessages":[],"fullName":"createCategory creates with all fields","invocations":1,"location":null,"numPassingAsserts":1,"retryReasons":[],"startAt":1781272450049,"status":"passed","title":"creates with all fields"},{"ancestorTitles":["createCategory"],"duration":1,"failing":false,"failureDetails":[],"failureMessages":[],"fullName":"createCategory creates without icon","invocations":1,"location":null,"numPassingAsserts":1,"retryReasons":[],"startAt":1781272450052,"status":"passed","title":"creates without icon"},{"ancestorTitles":["getCategories"],"duration":2,"failing":false,"failureDetails":[],"failureMessages":[],"fullName":"getCategories includes article count","invocations":1,"location":null,"numPassingAsserts":1,"retryReasons":[],"startAt":1781272450053,"status":"passed","title":"includes article count"},{"ancestorTitles":["getCategoryBySlug"],"duration":1,"failing":false,"failureDetails":[],"failureMessages":[],"fullName":"getCategoryBySlug returns null for unknown slug","invocations":1,"location":null,"numPassingAsserts":1,"retryReasons":[],"startAt":1781272450056,"status":"passed","title":"returns null for unknown slug"},{"ancestorTitles":["updateCategory"],"duration":2,"failing":false,"failureDetails":[],"failureMessages":[],"fullName":"updateCategory updates fields","invocations":1,"location":null,"numPassingAsserts":1,"retryReasons":[],"startAt":1781272450057,"status":"passed","title":"updates fields"},{"ancestorTitles":["deleteCategory"],"duration":1,"failing":false,"failureDetails":[],"failureMessages":[],"fullName":"deleteCategory deletes by id","invocations":1,"location":null,"numPassingAsserts":1,"retryReasons":[],"startAt":1781272450063,"status":"passed","title":"deletes by id"},{"ancestorTitles":["createArticle"],"duration":3,"failing":false,"failureDetails":[],"failureMe
[...]
dArticles limits to 8 available articles","invocations":1,"location":null,"numPassingAsserts":2,"retryReasons":[],"startAt":1781272450094,"status":"passed","title":"limits to 8 available articles"}],"endTime":1781272450098,"message":"","name":"C:\\Users\\gakpa\\OneDrive\\Desktop\\Wace\\src\\__tests__\\unit\\services\\article.service.test.ts","startTime":1781272449824,"status":"passed","summary":""},{"assertionResults":[{"ancestorTitles":["uploadImage"],"duration":29,"failing":false,"failureDetails":[],"failureMessages":[],"fullName":"uploadImage returns placeholder URL when Cloudinary is not configured","invocations":1,"location":null,"numPassingAsserts":2,"retryReasons":[],"startAt":1781272450093,"status":"passed","title":"returns placeholder URL when Cloudinary is not configured"},{"ancestorTitles":["uploadImage"],"duration":3,"failing":false,"failureDetails":[],"failureMessages":[],"fullName":"uploadImage calls Cloudinary API when credentials are set","invocations":1,"location":null,"numPassingAsserts":2,"retryReasons":[],"startAt":1781272450122,"status":"passed","title":"calls Cloudinary API when credentials are set"},{"ancestorTitles":["uploadImage"],"duration":12,"failing":false,"failureDetails":[],"failureMessages":[],"fullName":"uploadImage throws when Cloudinary returns an error response","invocations":1,"location":null,"numPassingAsserts":1,"retryReasons":[],"startAt":1781272450125,"status":"passed","title":"throws when Cloudinary returns an error response"},{"ancestorTitles":["uploadImage"],"duration":2,"failing":false,"failureDetails":[],"failureMessages":[],"fullName":"uploadImage includes folder and signature in the request body","invocations":1,"location":null,"numPassingAsserts":4,"retryReasons":[],"startAt":1781272450137,"status":"passed","title":"includes folder and signature in the request body"}],"endTime":1781272450141,"message":"","name":"C:\\Users\\gakpa\\OneDrive\\Desktop\\Wace\\src\\__tests__\\unit\\services\\upload.service.test.ts","startTime":1781272449964,"status":"passed","summary":""},{"assertionResults":[{"ancestorTitles":["getGlobalStats"],"duration":5,"failing":false,"failureDetails":[],"failureMessages":[],"fullName":"getGlobalStats aggregates all stats","invocations":1,"location":null,"numPassingAsserts":1,"retryReasons":[],"startAt":1781272450157,"status":"passed","title":"aggregates all stats"},{"ancestorTitles":["getGlobalStats"],"duration":2,"failing":false,"failureDetails":[],"failureMessages":[],"fullName":"getGlobalStats returns 0 totalViews when sum is null","invocations":1,"location":null,"numPassingAsserts":1,"retryReasons":[],"startAt":1781272450163,"status":"passed","title":"returns 0 totalViews when sum is null"},{"ancestorTitles":["getArticleStats"],"duration":3,"failing":false,"failureDetails":[],"failureMessages":[],"fullName":"getArticleStats returns three lists","invocations":1,"location":null,"numPassingAsserts":3,"retryReasons":[],"startAt":1781272450165,"status":"passed","title":"returns three lists"},{"ancestorTitles":["getUserStats"],"duration":1,"failing":false,"failureDetails":[],"failureMessages":[],"fullName":"getUserStats groups registrations by day","invocations":1,"location":null,"numPassingAsserts":2,"retryReasons":[],"startAt":1781272450168,"status":"passed","title":"groups registrations by day"},{"ancestorTitles":["exportCatalogue"],"duration":2,"failing":false,"failureDetails":[],"failureMessages":[],"fullName":"exportCatalogue produces valid CSV with header row","invocations":1,"location":null,"numPassingAsserts":4,"retryReasons":[],"startAt":1781272450170,"status":"passed","title":"produces valid CSV with header row"},{"ancestorTitles":["exportCatalogue"],"duration":1,"failing":false,"failureDetails":[],"failureMessages":[],"fullName":"exportCatalogue escapes double quotes in text fields","invocations":1,"location":null,"numPassingAsserts":1,"retryReasons":[],"startAt":1781272450172,"status":"passed","title":"escapes double quotes in text fields"},{"ancestorTitles":["exportCatalogue"],"duration":1,"failing":false,"failureDetails":[],"failureMessages":[],"fullName":"exportCatalogue only header when empty catalogue","invocations":1,"location":null,"numPassingAsserts":1,"retryReasons":[],"startAt":1781272450173,"status":"passed","title":"only header when empty catalogue"}],"endTime":1781272450176,"message":"","name":"C:\\Users\\gakpa\\OneDrive\\Desktop\\Wace\\src\\__tests__\\unit\\services\\stats.service.test.ts","startTime":1781272449987,"status":"passed","summary":""},{"assertionResults":[{"ancestorTitles":["hashPassword / comparePassword"],"duration":1600,"failing":false,"failureDetails":[],"failureMessages":[],"fullName":"hashPassword / comparePassword hashes a password and verifies it correctly","invocations":1,"location":null,"numPassingAsserts":2,"retryReasons":[],"startAt":1781272448823,"status":"passed","title":"hashes a password and verifies it correctly"},{"ancestorTitles":["hashPassword / comparePassword"],"duration":967,"failing":false,"failureDetails":[],"failureMessages":[],"fullName":"hashPassword / comparePassword rejects wrong password","invocations":1,"location":null,"numPassingAsserts":1,"retryReasons":[],"startAt":1781272450423,"status":"passed","title":"rejects wrong password"},{"ancestorTitles":["generateToken / verifyToken"],"duration":2,"failing":false,"failureDetails":[],"failureMessages":[],"fullName":"generateToken / verifyToken roundtrips: generate → verify","invocations":1,"location":null,"numPassingAsserts":3,"retryReasons":[],"startAt":1781272451390,"status":"passed","title":"roundtrips: generate → verify"},{"ancestorTitles":["generateToken / verifyToken"],"duration":1,"failing":false,"failureDetails":[],"failureMessages":[],"fullName":"generateToken / verifyToken returns null for invalid token","invocations":1,"location":null,"numPassingAsserts":1,"retryReasons":[],"startAt":1781272451392,"status":"passed","title":"returns null for invalid token"},{"ancestorTitles":["generateToken / verifyToken"],"duration":1,"failing":false,"failureDetails":[],"failureMessages":[],"fullName":"generateToken / verifyToken returns null for tampered token","invocations":1,"location":null,"numPassingAsserts":1,"retryReasons":[],"startAt":1781272451393,"status":"passed","title":"returns null for tampered token"},{"ancestorTitles":["generateToken / verifyToken"],"duration":66,"failing":false,"failureDetails":[],"failureMessages":[],"fullName":"generateToken / verifyToken expired token (1ms TTL) returns null","invocations":1,"location":null,"numPassingAsserts":1,"retryReasons":[],"startAt":1781272451394,"status":"passed","title":"expired token (1ms TTL) returns null"},{"ancestorTitles":["generateToken / verifyToken"],"duration":0,"failing":false,"failureDetails":[],"failureMessages":[],"fullName":"generateToken / verifyToken embeds twoFactorVerified in payload","invocations":1,"location":null,"numPassingAsserts":1,"retryReasons":[],"startAt":1781272451461,"status":"passed","title":"embeds twoFactorVerified in payload"},{"ancestorTitles":["generateToken / verifyToken"],"duration":0,"failing":false,"failureDetails":[],"failureMessages":[],"fullName":"generateToken / verifyToken temp token (10m) is valid immediately","invocations":1,"location":null,"numPassingAsserts":1,"retryReasons":[],"startAt":1781272451462,"status":"passed","title":"temp token (10m) is valid immediately"},{"ancestorTitles":["registerUser"],"duration":439,"failing":false,"failureDetails":[],"failureMessages":[],"fullName":"registerUser hashes password and calls db.user.create with CLIENT role","invocations":1,"location":null,"numPassingAsserts":2,"retryReasons":[],"startAt":1781272451462,"status":"passed","title":"hashes password and calls db.user.create with CLIENT role"},{"ancestorTitles":["registerUser"],"duration":1,"failing":false,"failureDetails":[],"failureMessages":[],"fullName":"registerUser creates OAuth user with null password","invocations":1,"location":null,"numPassingAsserts":1,"retryReasons":[],"startAt":1781272451901,"status":"passed","title":"creates OAuth user with null password"},{"ancestorTitles":["registerUser"],"duration":435,"failing":false,"failureDetails":[],"failureMessages":[],"fullName":"registerUser can create ADMIN role","invocations":1,"location":null,"numPassingAsserts":1,"retryReasons":[],"startAt":1781272451902,"status":"passed","title":"can create ADMIN role"},{"ancestorTitles":["findUserByEmail"],"duration":0,"failing":false,"failureDetails":[],"failureMessages":[],"fullName":"findUserByEmail returns user","invocations":1,"location":null,"numPassingAsserts":1,"retryReasons":[],"startAt":1781272452338,"status":"passed","title":"returns user"},{"ancestorTitles":["findUserByEmail"],"duration":0,"failing":false,"failureDetails":[],"failureMessages":[],"fullName":"findUserByEmail returns null when not found","invocations":1,"location":null,"numPassingAsserts":1,"retryReasons":[],"startAt":1781272452338,"status":"passed","title":"returns null when not found"},{"ancestorTitles":["findUserById"],"duration":0,"failing":false,"failureDetails":[],"failureMessages":[],"fullName":"findUserById finds by id","invocations":1,"location":null,"numPassingAsserts":1,"retryReasons":[],"startAt":1781272452339,"status":"passed","title":"finds by id"},{"ancestorTitles":["getUserProfile"],"duration":1,"failing":false,"failureDetails":[],"failureMessages":[],"fullName":"getUserProfile does not expose password field","invocations":1,"location":null,"numPassingAsserts":1,"retryReasons":[],"startAt":1781272452339,"status":"passed","title":"does not expose password field"},{"ancestorTitles":["updateUserProfile"],"duration":1,"failing":false,"failureDetails":[],"failureMessages":[],"fullName":"updateUserProfile calls update with correct data","invocations":1,"location":null,"numPassingAsserts":1,"retryReasons":[],"startAt":1781272452340,"status":"passed","title":"calls update with correct data"},{"ancestorTitles":["toggleUserActive"],"duration":0,"failing":false,"failureDetails":[],"failureMessages":[],"fullName":"toggleUserActive suspends user (false)","invocations":1,"location":null,"numPassingAsserts":1,"retryReasons":[],"startAt":1781272452341,"status":"passed","title":"suspends user (false)"},{"ancestorTitles":["toggleUserActive"],"duration":1,"failing":false,"failureDetails":[],"failureMessages":[],"fullName":"toggleUserActive reactivates user (true)","invocations":1,"location":null,"numPassingAsserts":1,"retryReasons":[],"startAt":1781272452341,"status":"passed","title":"reactivates user (true)"},{"ancestorTitles":["listAllUsers"],"duration":0,"failing":false,"failureDetails":[],"failureMessages":[],"fullName":"listAllUsers returns ordered list","invocations":1,"location":null,"numPassingAsserts":2,"retryReasons":[],"startAt":1781272452342,"status":"passed","title":"returns ordered list"},{"ancestorTitles":["deleteUserByAdmin"],"duration":1,"failing":false,"failureDetails":[],"failureMessages":[],"fullName":"deleteUserByAdmin deletes user","invocations":1,"location":null,"numPassingAsserts":1,"retryReasons":[],"startAt":1781272452342,"status":"passed","title":"deletes user"}],"endTime":1781272452345,"message":"","name":"C:\\Users\\gakpa\\OneDrive\\Desktop\\Wace\\src\\__tests__\\unit\\services\\auth.service.test.ts","startTime":1781272448503,"status":"passed","summary":""},{"assertionResults":[{"ancestorTitles":["POST /api/auth/login"],"duration":32,"failing":false,"failureDetails":[],"failureMessages":[],"fullName":"POST /api/auth/login returns 400 when email or password missing","invocations":1,"location":null,"numPassingAsserts":1,"retryReasons":[],"startAt":1781272449003,"status":"passed","title":"returns 400 when email or password missing"},{"ancestorTitles":["POST /api/auth/login"],"duration":3,"failing":false,"failureDetails":[],"failureMessages":[],"fullName":"POST /api/auth/login returns 401 for unknown email","invocations":1,"location":null,"numPassingAsserts":1,"retryReasons":[],"startAt":1781272449035,"status":"passed","title":"returns 401 for unknown email"},{"ancestorTitles":["POST /api/auth/login"],"duration":1560,"failing":false,"failureDetails":[],"failureMessages":[],"fullName":"POST /api/auth/login returns 401 for wrong password","invocations":1,"location":null,"numPassingAsserts":1,"retryReasons":[],"startAt":1781272449038,"status":"passed","title":"returns 401 for wrong password"},{"ancestorTitles":["POST /api/auth/login"],"duration":518,"failing":false,"failureDetails":[],"failureMessages":[],"fullName":"POST /api/auth/login returns 403 for suspended account","invocations":1,"location":null,"numPassingAsserts":1,"retryReasons":[],"startAt":1781272450598,"status":"passed","title":"returns 403 for suspended account"},{"ancestorTitles":["POST /api/auth/login"],"duration":902,"failing":false,"failureDetails":[],"failureMessages":[],"fullName":"POST /api/auth/login returns 200 with token and cookie on valid login","invocations":1,"location":null,"numPassingAsserts":4,"retryReasons":[],"startAt":1781272451116,"status":"passed","title":"returns 200 with token and cookie on valid login"},{"ancestorTitles":["POST /api/auth/login"],"duration":794,"failing":false,"failureDetails":[],"failureMessages":[],"fullName":"POST /api/auth/login returns requires2FA=true with tempToken when 2FA enabled","invocations":1,"location":null,"numPassingAsserts":2,"retryReasons":[],"startAt":1781272452018,"status":"passed","title":"returns requires2FA=true with tempToken when 2FA enabled"},{"ancestorTitles":["POST /api/auth/register"],"duration":1,"failing":false,"failureDetails":[],"failureMessages":[],"fullName":"POST /api/auth/register returns 400 when email missing","invocations":1,"location":null,"numPassingAsserts":1,"retryReasons":[],"startAt":1781272452812,"status":"passed","title":"returns 400 when email missing"},{"ancestorTitles":["POST /api/auth/register"],"duration":1,"failing":false,"failureDetails":[],"failureMessages":[],"fullName":"POST /api/auth/register returns 400 for invalid email format","invocations":1,"location":null,"numPassingAsserts":1,"retryReasons":[],"startAt":1781272452813,"status":"passed","title":"returns 400 for invalid email format"},{"ancestorTitles":["POST /api/auth/register"],"duration":1,"failing":false,"failureDetails":[],"failureMessages":[],"fullName":"POST /api/auth/register returns 400 for password < 6 chars","invocations":1,"location":null,"numPassingAsserts":1,"retryReasons":[],"startAt":1781272452814,"status":"passed","title":"returns 400 for password < 6 chars"},{"ancestorTitles":["POST /api/auth/register"],"duration":0,"failing":false,"failureDetails":[],"failureMessages":[],"fullName":"POST /api/auth/register returns 400 when email already exists","invocations":1,"location":null,"numPassingAsserts":2,"retryReasons":[],"startAt":1781272452815,"status":"passed","title":"returns 400 when email already exists"},{"ancestorTitles":["POST /api/auth/register"],"duration":337,"failing":false,"failureDetails":[],"failureMessages":[],"fullName":"POST /api/auth/register returns 201 and creates user","invocations":1,"location":null,"numPassingAsserts":2,"retryReasons":[],"startAt":1781272452815,"status":"passed","title":"returns 201 and creates user"},{"ancestorTitles":["GET /api/auth/session"],"duration":1,"failing":false,"failureDetails":[],"failureMessages":[],"fullName":"GET /api/auth/session returns 401 when no token","invocations":1,"location":null,"numPassingAsserts":2,"retryReasons":[],"startAt":1781272453152,"status":"passed","title":"returns 401 when no token"},{"ancestorTitles":["GET /api/auth/session"],"duration":1,"failing":false,"failureDetails":[],"failureMessages":[],"fullName":"GET /api/auth/session returns authenticated=true with valid token","invocations":1,"location":null,"numPassingAsserts":3,"retryReasons":[],"startAt":1781272453153,"status":"passed","title":"returns authenticated=true with valid token"},{"ancestorTitles":["POST /api/auth/logout"],"duration":1,"failing":false,"failureDetails":[],"failureMessages":[],"fullName":"POST /api/auth/logout clears token cookie and returns 200","invocations":1,"location":null,"numPassingAsserts":3,"retryReasons":[],"startAt":1781272453154,"status":"passed","title":"clears token cookie and returns 200"},{"ancestorTitles":["POST /api/auth/2fa/setup"],"duration":20,"failing":false,"failureDetails":[],"failureMessages":[],"fullName":"POST /api/auth/2fa/setup returns 401 without token","invocations":1,"location":null,"numPassingAsserts":1,"retryReasons":[],"startAt":1781272453155,"status":"passed","title":"returns 401 without token"},{"ancestorTitles":["POST /api/auth/2fa/setup"],"duration":1,"failing":false,"failureDetails":[],"failureMessages":[],"fullName":"POST /api/auth/2fa/setup returns 400 when 2FA already enabled","invocations":1,"location":null,"numPassingAsserts":1,"retryReasons":[],"startAt":1781272453176,"status":"passed","title":"returns 400 when 2FA already enabled"},{"ancestorTitles":["POST /api/auth/2fa/setup"],"duration":1,"failing":false,"failureDetails":[],"failureMessages":[],"fullName":"POST /api/auth/2fa/setup returns secret and qrCode on success","invocations":1,"location":null,"numPassingAsserts":3,"retryReasons":[],"startAt":1781272453177,"status":"passed","title":"returns secret and qrCode on success"},{"ancestorTitles":["POST /api/auth/2fa/verify"],"duration":1,"failing":false,"failureDetails":[],"failureMessages":[],"fullName":"POST /api/auth/2fa/verify returns 400 when token field missing","invocations":1,"location":null,"numPassingAsserts":1,"retryReasons":[],"startAt":1781272453178,"status":"passed","title":"returns 400 when token field missing"},{"ancestorTitles":["POST /api/auth/2fa/verify"],"duration":1,"failing":false,"failureDetails":[],"failureMessages":[],"fullName":"POST /api/auth/2fa/verify returns 401 for invalid TOTP code","invocations":1,"location":null,"numPassingAsserts":1,"retryReasons":[],"startAt":1781272453179,"status":"passed","title":"returns 401 for invalid TOTP code"},{"ancestorTitles":["POST /api/auth/2fa/verify"],"duration":1,"failing":false,"failureDetails":[],"failureMessages":[],"fullName":"POST /api/auth/2fa/verify returns new JWT and cookie on valid TOTP","invocations":1,"location":null,"numPassingAsserts":3,"retryReasons":[],"startAt":1781272453180,"status":"passed","title":"returns new JWT and cookie on valid TOTP"},{"ancestorTitles":["POST /api/auth/2fa/disable"],"duration":2,"failing":false,"failureDetails":[],"failureMessages":[],"fullName":"POST /api/auth/2fa/disable returns 401 without token","invocations":1,"location":null,"numPassingAsserts":1,"retryReasons":[],"startAt":1781272453181,"status":"passed","title":"returns 401 without token"},{"ancestorTitles":["POST /api/auth/2fa/disable"],"duration":0,"failing":false,"failureDetails":[],"failureMessages":[],"fullName":"POST /api/auth/2fa/disable returns 400 when TOTP code not provided","invocations":1,"location":null,"numPassingAsserts":1,"retryReasons":[],"startAt":1781272453184,"status":"passed","title":"returns 400 when TOTP code not provided"},{"ancestorTitles":["POST /api/auth/2fa/disable"],"duration":1,"failing":false,"failureDetails":[],"failureMessages":[],"fullName":"POST /api/auth/2fa/disable returns 401 for wrong TOTP code","invocations":1,"location":null,"numPassingAsserts":1,"retryReasons":[],"startAt":1781272453184,"status":"passed","title":"returns 401 for wrong TOTP code"},{"ancestorTitles":["POST /api/auth/2fa/disable"],"duration":1,"failing":false,"failureDetails":[],"failureMessages":[],"fullName":"POST /api/auth/2fa/disable disables 2FA successfully with correct TOTP","invocations":1,"location":null,"numPassingAsserts":1,"retryReasons":[],"startAt":1781272453185,"status":"passed","title":"disables 2FA successfully with correct TOTP"}],"endTime":1781272453186,"message":"","name":"C:\\Users\\gakpa\\OneDrive\\Desktop\\Wace\\src\\__tests__\\api\\auth.test.ts","startTime":1781272448449,"status":"passed","summary":""}],"wasInterrupted":false}
